{"/Users/sabinanossova/Desktop/job-search/src/api/getDegrees.ts": {"path":"/Users/sabinanossova/Desktop/job-search/src/api/getDegrees.ts","all":false,"statementMap":{"0":{"start":{"line":1,"column":0},"end":{"line":1,"column":26}},"1":{"start":{"line":2,"column":0},"end":{"line":2,"column":0}},"2":{"start":{"line":3,"column":0},"end":{"line":3,"column":42}},"3":{"start":{"line":4,"column":0},"end":{"line":4,"column":0}},"4":{"start":{"line":5,"column":0},"end":{"line":5,"column":32}},"5":{"start":{"line":6,"column":0},"end":{"line":6,"column":51}},"6":{"start":{"line":7,"column":0},"end":{"line":7,"column":35}},"7":{"start":{"line":8,"column":0},"end":{"line":8,"column":50}},"8":{"start":{"line":9,"column":0},"end":{"line":9,"column":23}},"9":{"start":{"line":10,"column":0},"end":{"line":10,"column":2}},"10":{"start":{"line":11,"column":0},"end":{"line":11,"column":0}},"11":{"start":{"line":12,"column":0},"end":{"line":12,"column":26}}},"s":{"0":1,"1":1,"2":1,"3":1,"4":1,"5":3,"6":3,"7":3,"8":3,"9":3,"10":1,"11":1},"branchMap":{"0":{"type":"branch","line":5,"loc":{"start":{"line":5,"column":19},"end":{"line":10,"column":2}},"locations":[{"start":{"line":5,"column":19},"end":{"line":10,"column":2}}]}},"b":{"0":[3]},"fnMap":{"0":{"name":"getDegrees","decl":{"start":{"line":5,"column":19},"end":{"line":10,"column":2}},"loc":{"start":{"line":5,"column":19},"end":{"line":10,"column":2}},"line":5}},"f":{"0":3}}
,"/Users/sabinanossova/Desktop/job-search/src/api/getJobs.ts": {"path":"/Users/sabinanossova/Desktop/job-search/src/api/getJobs.ts","all":false,"statementMap":{"0":{"start":{"line":1,"column":0},"end":{"line":1,"column":26}},"1":{"start":{"line":2,"column":0},"end":{"line":2,"column":0}},"2":{"start":{"line":3,"column":0},"end":{"line":3,"column":39}},"3":{"start":{"line":4,"column":0},"end":{"line":4,"column":0}},"4":{"start":{"line":5,"column":0},"end":{"line":5,"column":29}},"5":{"start":{"line":6,"column":0},"end":{"line":6,"column":51}},"6":{"start":{"line":7,"column":0},"end":{"line":7,"column":32}},"7":{"start":{"line":8,"column":0},"end":{"line":8,"column":47}},"8":{"start":{"line":9,"column":0},"end":{"line":9,"column":23}},"9":{"start":{"line":10,"column":0},"end":{"line":10,"column":2}},"10":{"start":{"line":11,"column":0},"end":{"line":11,"column":0}},"11":{"start":{"line":12,"column":0},"end":{"line":12,"column":23}}},"s":{"0":1,"1":1,"2":1,"3":1,"4":1,"5":3,"6":3,"7":3,"8":3,"9":3,"10":1,"11":1},"branchMap":{"0":{"type":"branch","line":5,"loc":{"start":{"line":5,"column":16},"end":{"line":10,"column":2}},"locations":[{"start":{"line":5,"column":16},"end":{"line":10,"column":2}}]}},"b":{"0":[3]},"fnMap":{"0":{"name":"getJobs","decl":{"start":{"line":5,"column":16},"end":{"line":10,"column":2}},"loc":{"start":{"line":5,"column":16},"end":{"line":10,"column":2}},"line":5}},"f":{"0":3}}
,"/Users/sabinanossova/Desktop/job-search/src/components/JobResults/JobListing.vue": {"path":"/Users/sabinanossova/Desktop/job-search/src/components/JobResults/JobListing.vue","all":false,"statementMap":{"0":{"start":{"line":1,"column":0},"end":{"line":1,"column":10}},"1":{"start":{"line":2,"column":0},"end":{"line":2,"column":19}},"2":{"start":{"line":3,"column":0},"end":{"line":3,"column":16}},"3":{"start":{"line":4,"column":0},"end":{"line":4,"column":23}},"4":{"start":{"line":5,"column":0},"end":{"line":5,"column":102}},"5":{"start":{"line":6,"column":0},"end":{"line":6,"column":77}},"6":{"start":{"line":7,"column":0},"end":{"line":7,"column":34}},"7":{"start":{"line":8,"column":0},"end":{"line":8,"column":25}},"8":{"start":{"line":9,"column":0},"end":{"line":9,"column":13}},"9":{"start":{"line":10,"column":0},"end":{"line":10,"column":48}},"10":{"start":{"line":11,"column":0},"end":{"line":11,"column":28}},"11":{"start":{"line":12,"column":0},"end":{"line":12,"column":47}},"12":{"start":{"line":13,"column":0},"end":{"line":13,"column":16}},"13":{"start":{"line":14,"column":0},"end":{"line":14,"column":0}},"14":{"start":{"line":15,"column":0},"end":{"line":15,"column":15}},"15":{"start":{"line":16,"column":0},"end":{"line":16,"column":16}},"16":{"start":{"line":17,"column":0},"end":{"line":17,"column":17}},"17":{"start":{"line":18,"column":0},"end":{"line":18,"column":49}},"18":{"start":{"line":19,"column":0},"end":{"line":19,"column":31}},"19":{"start":{"line":20,"column":0},"end":{"line":20,"column":41}},"20":{"start":{"line":21,"column":0},"end":{"line":21,"column":15}},"21":{"start":{"line":22,"column":0},"end":{"line":22,"column":43}},"22":{"start":{"line":23,"column":0},"end":{"line":23,"column":19}},"23":{"start":{"line":24,"column":0},"end":{"line":24,"column":17}},"24":{"start":{"line":25,"column":0},"end":{"line":25,"column":16}},"25":{"start":{"line":26,"column":0},"end":{"line":26,"column":14}},"26":{"start":{"line":27,"column":0},"end":{"line":27,"column":12}},"27":{"start":{"line":28,"column":0},"end":{"line":28,"column":0}},"28":{"start":{"line":29,"column":0},"end":{"line":29,"column":29}},"29":{"start":{"line":30,"column":0},"end":{"line":30,"column":13}},"30":{"start":{"line":31,"column":0},"end":{"line":31,"column":52}},"31":{"start":{"line":32,"column":0},"end":{"line":32,"column":15}},"32":{"start":{"line":33,"column":0},"end":{"line":33,"column":39}},"33":{"start":{"line":34,"column":0},"end":{"line":34,"column":17}},"34":{"start":{"line":35,"column":0},"end":{"line":35,"column":66}},"35":{"start":{"line":36,"column":0},"end":{"line":36,"column":36}},"36":{"start":{"line":37,"column":0},"end":{"line":37,"column":15}},"37":{"start":{"line":38,"column":0},"end":{"line":38,"column":35}},"38":{"start":{"line":39,"column":0},"end":{"line":39,"column":19}},"39":{"start":{"line":40,"column":0},"end":{"line":40,"column":17}},"40":{"start":{"line":41,"column":0},"end":{"line":41,"column":16}},"41":{"start":{"line":42,"column":0},"end":{"line":42,"column":14}},"42":{"start":{"line":43,"column":0},"end":{"line":43,"column":0}},"43":{"start":{"line":44,"column":0},"end":{"line":44,"column":38}},"44":{"start":{"line":45,"column":0},"end":{"line":45,"column":66}},"45":{"start":{"line":46,"column":0},"end":{"line":46,"column":32}},"46":{"start":{"line":47,"column":0},"end":{"line":47,"column":11}},"47":{"start":{"line":48,"column":0},"end":{"line":48,"column":14}},"48":{"start":{"line":49,"column":0},"end":{"line":49,"column":12}},"49":{"start":{"line":50,"column":0},"end":{"line":50,"column":18}},"50":{"start":{"line":51,"column":0},"end":{"line":51,"column":7}},"51":{"start":{"line":52,"column":0},"end":{"line":52,"column":11}},"52":{"start":{"line":53,"column":0},"end":{"line":53,"column":0}},"53":{"start":{"line":54,"column":0},"end":{"line":54,"column":24}},"54":{"start":{"line":55,"column":0},"end":{"line":55,"column":46}},"55":{"start":{"line":56,"column":0},"end":{"line":56,"column":39}},"56":{"start":{"line":57,"column":0},"end":{"line":57,"column":0}},"57":{"start":{"line":58,"column":0},"end":{"line":58,"column":27}},"58":{"start":{"line":59,"column":0},"end":{"line":59,"column":8}},"59":{"start":{"line":60,"column":0},"end":{"line":60,"column":34}},"60":{"start":{"line":61,"column":0},"end":{"line":61,"column":19}},"61":{"start":{"line":62,"column":0},"end":{"line":62,"column":4}},"62":{"start":{"line":63,"column":0},"end":{"line":63,"column":3}},"63":{"start":{"line":64,"column":0},"end":{"line":64,"column":0}},"64":{"start":{"line":65,"column":0},"end":{"line":65,"column":67}},"65":{"start":{"line":66,"column":0},"end":{"line":66,"column":9}}},"s":{"0":1,"1":1,"2":1,"3":1,"4":1,"5":1,"6":1,"7":1,"8":1,"9":1,"10":1,"11":1,"12":1,"13":1,"14":1,"15":1,"16":1,"17":1,"18":1,"19":1,"20":1,"21":1,"22":1,"23":1,"24":1,"25":1,"26":1,"27":1,"28":1,"29":1,"30":1,"31":1,"32":1,"33":1,"34":1,"35":1,"36":1,"37":1,"38":1,"39":1,"40":1,"41":1,"42":1,"43":1,"44":1,"45":1,"46":1,"47":1,"48":1,"49":1,"50":1,"51":1,"52":1,"53":1,"54":1,"55":1,"56":1,"57":1,"58":1,"59":1,"60":1,"61":1,"62":1,"63":1,"64":1,"65":1},"branchMap":{"0":{"type":"branch","line":65,"loc":{"start":{"line":65,"column":29},"end":{"line":65,"column":67}},"locations":[{"start":{"line":65,"column":29},"end":{"line":65,"column":67}}]},"1":{"type":"branch","line":46,"loc":{"start":{"line":46,"column":13},"end":{"line":46,"column":32}},"locations":[{"start":{"line":46,"column":13},"end":{"line":46,"column":32}}]}},"b":{"0":[114],"1":[114]},"fnMap":{},"f":{}}
,"/Users/sabinanossova/Desktop/job-search/src/components/JobResults/JobListings.vue": {"path":"/Users/sabinanossova/Desktop/job-search/src/components/JobResults/JobListings.vue","all":false,"statementMap":{"0":{"start":{"line":1,"column":0},"end":{"line":1,"column":10}},"1":{"start":{"line":2,"column":0},"end":{"line":2,"column":46}},"2":{"start":{"line":3,"column":0},"end":{"line":3,"column":8}},"3":{"start":{"line":4,"column":0},"end":{"line":4,"column":74}},"4":{"start":{"line":5,"column":0},"end":{"line":5,"column":9}},"5":{"start":{"line":6,"column":0},"end":{"line":6,"column":0}},"6":{"start":{"line":7,"column":0},"end":{"line":7,"column":30}},"7":{"start":{"line":8,"column":0},"end":{"line":8,"column":45}},"8":{"start":{"line":9,"column":0},"end":{"line":9,"column":63}},"9":{"start":{"line":10,"column":0},"end":{"line":10,"column":0}},"10":{"start":{"line":11,"column":0},"end":{"line":11,"column":54}},"11":{"start":{"line":12,"column":0},"end":{"line":12,"column":22}},"12":{"start":{"line":13,"column":0},"end":{"line":13,"column":31}},"13":{"start":{"line":14,"column":0},"end":{"line":14,"column":23}},"14":{"start":{"line":15,"column":0},"end":{"line":15,"column":71}},"15":{"start":{"line":16,"column":0},"end":{"line":16,"column":64}},"16":{"start":{"line":17,"column":0},"end":{"line":17,"column":34}},"17":{"start":{"line":18,"column":0},"end":{"line":18,"column":11}},"18":{"start":{"line":19,"column":0},"end":{"line":19,"column":0}},"19":{"start":{"line":20,"column":0},"end":{"line":20,"column":22}},"20":{"start":{"line":21,"column":0},"end":{"line":21,"column":27}},"21":{"start":{"line":22,"column":0},"end":{"line":22,"column":23}},"22":{"start":{"line":23,"column":0},"end":{"line":23,"column":67}},"23":{"start":{"line":24,"column":0},"end":{"line":24,"column":64}},"24":{"start":{"line":25,"column":0},"end":{"line":25,"column":30}},"25":{"start":{"line":26,"column":0},"end":{"line":26,"column":11}},"26":{"start":{"line":27,"column":0},"end":{"line":27,"column":14}},"27":{"start":{"line":28,"column":0},"end":{"line":28,"column":12}},"28":{"start":{"line":29,"column":0},"end":{"line":29,"column":10}},"29":{"start":{"line":30,"column":0},"end":{"line":30,"column":9}},"30":{"start":{"line":31,"column":0},"end":{"line":31,"column":11}},"31":{"start":{"line":32,"column":0},"end":{"line":32,"column":0}},"32":{"start":{"line":33,"column":0},"end":{"line":33,"column":24}},"33":{"start":{"line":34,"column":0},"end":{"line":34,"column":42}},"34":{"start":{"line":35,"column":0},"end":{"line":35,"column":38}},"35":{"start":{"line":36,"column":0},"end":{"line":36,"column":0}},"36":{"start":{"line":37,"column":0},"end":{"line":37,"column":64}},"37":{"start":{"line":38,"column":0},"end":{"line":38,"column":45}},"38":{"start":{"line":39,"column":0},"end":{"line":39,"column":51}},"39":{"start":{"line":40,"column":0},"end":{"line":40,"column":0}},"40":{"start":{"line":41,"column":0},"end":{"line":41,"column":76}},"41":{"start":{"line":42,"column":0},"end":{"line":42,"column":0}},"42":{"start":{"line":43,"column":0},"end":{"line":43,"column":33}},"43":{"start":{"line":44,"column":0},"end":{"line":44,"column":32}},"44":{"start":{"line":45,"column":0},"end":{"line":45,"column":0}},"45":{"start":{"line":46,"column":0},"end":{"line":46,"column":39}},"46":{"start":{"line":47,"column":0},"end":{"line":47,"column":38}},"47":{"start":{"line":48,"column":0},"end":{"line":48,"column":0}},"48":{"start":{"line":49,"column":0},"end":{"line":49,"column":62}},"49":{"start":{"line":50,"column":0},"end":{"line":50,"column":0}},"50":{"start":{"line":51,"column":0},"end":{"line":51,"column":25}},"51":{"start":{"line":52,"column":0},"end":{"line":52,"column":34}},"52":{"start":{"line":53,"column":0},"end":{"line":53,"column":54}},"53":{"start":{"line":54,"column":0},"end":{"line":54,"column":2}},"54":{"start":{"line":55,"column":0},"end":{"line":55,"column":75}},"55":{"start":{"line":56,"column":0},"end":{"line":56,"column":0}},"56":{"start":{"line":57,"column":0},"end":{"line":57,"column":59}},"57":{"start":{"line":58,"column":0},"end":{"line":58,"column":14}},"58":{"start":{"line":59,"column":0},"end":{"line":59,"column":9}},"59":{"start":{"line":60,"column":0},"end":{"line":60,"column":2}},"60":{"start":{"line":61,"column":0},"end":{"line":61,"column":0}},"61":{"start":{"line":62,"column":0},"end":{"line":62,"column":38}},"62":{"start":{"line":63,"column":0},"end":{"line":63,"column":39}},"63":{"start":{"line":64,"column":0},"end":{"line":64,"column":46}},"64":{"start":{"line":65,"column":0},"end":{"line":65,"column":39}},"65":{"start":{"line":66,"column":0},"end":{"line":66,"column":64}},"66":{"start":{"line":67,"column":0},"end":{"line":67,"column":3}},"67":{"start":{"line":68,"column":0},"end":{"line":68,"column":9}}},"s":{"0":1,"1":1,"2":1,"3":1,"4":1,"5":1,"6":1,"7":1,"8":1,"9":1,"10":1,"11":1,"12":1,"13":1,"14":1,"15":1,"16":1,"17":1,"18":1,"19":1,"20":1,"21":1,"22":1,"23":1,"24":1,"25":1,"26":1,"27":1,"28":1,"29":1,"30":1,"31":1,"32":1,"33":1,"34":1,"35":1,"36":1,"37":1,"38":1,"39":1,"40":1,"41":1,"42":1,"43":1,"44":1,"45":1,"46":1,"47":1,"48":1,"49":1,"50":1,"51":1,"52":9,"53":1,"54":1,"55":1,"56":1,"57":1,"58":1,"59":1,"60":1,"61":1,"62":14,"63":14,"64":14,"65":14,"66":14,"67":1},"branchMap":{"0":{"type":"branch","line":49,"loc":{"start":{"line":49,"column":31},"end":{"line":49,"column":62}},"locations":[{"start":{"line":49,"column":31},"end":{"line":49,"column":62}}]},"1":{"type":"branch","line":52,"loc":{"start":{"line":52,"column":29},"end":{"line":53,"column":54}},"locations":[{"start":{"line":52,"column":29},"end":{"line":53,"column":54}}]},"2":{"type":"branch","line":53,"loc":{"start":{"line":53,"column":31},"end":{"line":53,"column":54}},"locations":[{"start":{"line":53,"column":31},"end":{"line":53,"column":54}}]},"3":{"type":"branch","line":55,"loc":{"start":{"line":55,"column":25},"end":{"line":55,"column":75}},"locations":[{"start":{"line":55,"column":25},"end":{"line":55,"column":75}}]},"4":{"type":"branch","line":62,"loc":{"start":{"line":62,"column":31},"end":{"line":67,"column":3}},"locations":[{"start":{"line":62,"column":31},"end":{"line":67,"column":3}}]},"5":{"type":"branch","line":17,"loc":{"start":{"line":17,"column":13},"end":{"line":17,"column":34}},"locations":[{"start":{"line":17,"column":13},"end":{"line":17,"column":34}}]},"6":{"type":"branch","line":25,"loc":{"start":{"line":25,"column":13},"end":{"line":25,"column":30}},"locations":[{"start":{"line":25,"column":13},"end":{"line":25,"column":30}}]}},"b":{"0":[14],"1":[9],"2":[3],"3":[14],"4":[14],"5":[5],"6":[9]},"fnMap":{},"f":{}}
,"/Users/sabinanossova/Desktop/job-search/src/components/JobResults/JobFiltersSideBar/JobFiltersSideBarCheckboxGroup.vue": {"path":"/Users/sabinanossova/Desktop/job-search/src/components/JobResults/JobFiltersSideBar/JobFiltersSideBarCheckboxGroup.vue","all":false,"statementMap":{"0":{"start":{"line":1,"column":0},"end":{"line":1,"column":10}},"1":{"start":{"line":2,"column":0},"end":{"line":2,"column":20}},"2":{"start":{"line":3,"column":0},"end":{"line":3,"column":14}},"3":{"start":{"line":4,"column":0},"end":{"line":4,"column":42}},"4":{"start":{"line":5,"column":0},"end":{"line":5,"column":73}},"5":{"start":{"line":6,"column":0},"end":{"line":6,"column":16}},"6":{"start":{"line":7,"column":0},"end":{"line":7,"column":23}},"7":{"start":{"line":8,"column":0},"end":{"line":8,"column":36}},"8":{"start":{"line":9,"column":0},"end":{"line":9,"column":26}},"9":{"start":{"line":10,"column":0},"end":{"line":10,"column":27}},"10":{"start":{"line":11,"column":0},"end":{"line":11,"column":24}},"11":{"start":{"line":12,"column":0},"end":{"line":12,"column":33}},"12":{"start":{"line":13,"column":0},"end":{"line":13,"column":12}},"13":{"start":{"line":14,"column":0},"end":{"line":14,"column":49}},"14":{"start":{"line":15,"column":0},"end":{"line":15,"column":13}},"15":{"start":{"line":16,"column":0},"end":{"line":16,"column":11}},"16":{"start":{"line":17,"column":0},"end":{"line":17,"column":15}},"17":{"start":{"line":18,"column":0},"end":{"line":18,"column":8}},"18":{"start":{"line":19,"column":0},"end":{"line":19,"column":11}},"19":{"start":{"line":20,"column":0},"end":{"line":20,"column":0}},"20":{"start":{"line":21,"column":0},"end":{"line":21,"column":24}},"21":{"start":{"line":22,"column":0},"end":{"line":22,"column":26}},"22":{"start":{"line":23,"column":0},"end":{"line":23,"column":39}},"23":{"start":{"line":24,"column":0},"end":{"line":24,"column":0}},"24":{"start":{"line":25,"column":0},"end":{"line":25,"column":79}},"25":{"start":{"line":26,"column":0},"end":{"line":26,"column":0}},"26":{"start":{"line":27,"column":0},"end":{"line":27,"column":27}},"27":{"start":{"line":28,"column":0},"end":{"line":28,"column":17}},"28":{"start":{"line":29,"column":0},"end":{"line":29,"column":39}},"29":{"start":{"line":30,"column":0},"end":{"line":30,"column":19}},"30":{"start":{"line":31,"column":0},"end":{"line":31,"column":4}},"31":{"start":{"line":32,"column":0},"end":{"line":32,"column":11}},"32":{"start":{"line":33,"column":0},"end":{"line":33,"column":19}},"33":{"start":{"line":34,"column":0},"end":{"line":34,"column":19}},"34":{"start":{"line":35,"column":0},"end":{"line":35,"column":4}},"35":{"start":{"line":36,"column":0},"end":{"line":36,"column":3}},"36":{"start":{"line":37,"column":0},"end":{"line":37,"column":0}},"37":{"start":{"line":38,"column":0},"end":{"line":38,"column":41}},"38":{"start":{"line":39,"column":0},"end":{"line":39,"column":27}},"39":{"start":{"line":40,"column":0},"end":{"line":40,"column":0}},"40":{"start":{"line":41,"column":0},"end":{"line":41,"column":27}},"41":{"start":{"line":42,"column":0},"end":{"line":42,"column":37}},"42":{"start":{"line":43,"column":0},"end":{"line":43,"column":38}},"43":{"start":{"line":44,"column":0},"end":{"line":44,"column":2}},"44":{"start":{"line":45,"column":0},"end":{"line":45,"column":0}},"45":{"start":{"line":46,"column":0},"end":{"line":46,"column":33}},"46":{"start":{"line":47,"column":0},"end":{"line":47,"column":42}},"47":{"start":{"line":48,"column":0},"end":{"line":48,"column":15}},"48":{"start":{"line":49,"column":0},"end":{"line":49,"column":52}},"49":{"start":{"line":50,"column":0},"end":{"line":50,"column":32}},"50":{"start":{"line":51,"column":0},"end":{"line":51,"column":5}},"51":{"start":{"line":52,"column":0},"end":{"line":52,"column":5}},"52":{"start":{"line":53,"column":0},"end":{"line":53,"column":3}},"53":{"start":{"line":54,"column":0},"end":{"line":54,"column":9}}},"s":{"0":1,"1":1,"2":1,"3":1,"4":1,"5":1,"6":1,"7":3,"8":1,"9":1,"10":1,"11":1,"12":1,"13":1,"14":1,"15":1,"16":1,"17":1,"18":1,"19":1,"20":1,"21":1,"22":1,"23":1,"24":1,"25":1,"26":1,"27":1,"28":1,"29":1,"30":1,"31":1,"32":1,"33":1,"34":1,"35":1,"36":1,"37":1,"38":1,"39":1,"40":1,"41":3,"42":3,"43":3,"44":1,"45":1,"46":1,"47":1,"48":1,"49":1,"50":1,"51":1,"52":1,"53":1},"branchMap":{"0":{"type":"branch","line":41,"loc":{"start":{"line":41,"column":20},"end":{"line":44,"column":2}},"locations":[{"start":{"line":41,"column":20},"end":{"line":44,"column":2}}]},"1":{"type":"branch","line":47,"loc":{"start":{"line":47,"column":21},"end":{"line":53,"column":3}},"locations":[{"start":{"line":47,"column":21},"end":{"line":53,"column":3}}]},"2":{"type":"branch","line":48,"loc":{"start":{"line":48,"column":8},"end":{"line":52,"column":5}},"locations":[{"start":{"line":48,"column":8},"end":{"line":52,"column":5}}]},"3":{"type":"branch","line":7,"loc":{"start":{"line":7,"column":17},"end":{"line":8,"column":36}},"locations":[{"start":{"line":7,"column":17},"end":{"line":8,"column":36}}]},"4":{"type":"branch","line":7,"loc":{"start":{"line":7,"column":17},"end":{"line":8,"column":36}},"locations":[{"start":{"line":7,"column":17},"end":{"line":8,"column":36}}]}},"b":{"0":[3],"1":[1],"2":[1],"3":[4],"4":[3]},"fnMap":{"0":{"name":"selectValue","decl":{"start":{"line":41,"column":20},"end":{"line":44,"column":2}},"loc":{"start":{"line":41,"column":20},"end":{"line":44,"column":2}},"line":41},"1":{"name":"__vite_ssr_import_4__.createElementBlock.__vite_ssr_import_4__.withDirectives.__vite_ssr_import_4__.createElementVNode.onUpdate:modelValue._cache.<computed>._cache.<computed>","decl":{"start":{"line":7,"column":17},"end":{"line":8,"column":36}},"loc":{"start":{"line":7,"column":17},"end":{"line":8,"column":36}},"line":7}},"f":{"0":3,"1":3}}
,"/Users/sabinanossova/Desktop/job-search/src/components/JobResults/JobFiltersSideBar/JobFiltersSideBarPrompt.vue": {"path":"/Users/sabinanossova/Desktop/job-search/src/components/JobResults/JobFiltersSideBar/JobFiltersSideBarPrompt.vue","all":false,"statementMap":{"0":{"start":{"line":1,"column":0},"end":{"line":1,"column":10}},"1":{"start":{"line":2,"column":0},"end":{"line":2,"column":45}},"2":{"start":{"line":3,"column":0},"end":{"line":3,"column":73}},"3":{"start":{"line":4,"column":0},"end":{"line":4,"column":43}},"4":{"start":{"line":5,"column":0},"end":{"line":5,"column":19}},"5":{"start":{"line":6,"column":0},"end":{"line":6,"column":28}},"6":{"start":{"line":7,"column":0},"end":{"line":7,"column":24}},"7":{"start":{"line":8,"column":0},"end":{"line":8,"column":59}},"8":{"start":{"line":9,"column":0},"end":{"line":9,"column":8}},"9":{"start":{"line":10,"column":0},"end":{"line":10,"column":10}},"10":{"start":{"line":11,"column":0},"end":{"line":11,"column":8}},"11":{"start":{"line":12,"column":0},"end":{"line":12,"column":11}},"12":{"start":{"line":13,"column":0},"end":{"line":13,"column":0}},"13":{"start":{"line":14,"column":0},"end":{"line":14,"column":24}},"14":{"start":{"line":15,"column":0},"end":{"line":15,"column":64}},"15":{"start":{"line":16,"column":0},"end":{"line":16,"column":0}},"16":{"start":{"line":17,"column":0},"end":{"line":17,"column":45}},"17":{"start":{"line":18,"column":0},"end":{"line":18,"column":0}},"18":{"start":{"line":19,"column":0},"end":{"line":19,"column":33}},"19":{"start":{"line":20,"column":0},"end":{"line":20,"column":9}}},"s":{"0":1,"1":1,"2":1,"3":1,"4":1,"5":1,"6":1,"7":1,"8":1,"9":1,"10":1,"11":1,"12":1,"13":1,"14":1,"15":1,"16":1,"17":1,"18":1,"19":1},"branchMap":{},"b":{},"fnMap":{},"f":{}}
,"/Users/sabinanossova/Desktop/job-search/src/components/JobResults/JobFiltersSideBar/JobFiltersSideBarSkills.vue": {"path":"/Users/sabinanossova/Desktop/job-search/src/components/JobResults/JobFiltersSideBar/JobFiltersSideBarSkills.vue","all":false,"statementMap":{"0":{"start":{"line":1,"column":0},"end":{"line":1,"column":10}},"1":{"start":{"line":2,"column":0},"end":{"line":2,"column":20}},"2":{"start":{"line":3,"column":0},"end":{"line":3,"column":10}},"3":{"start":{"line":4,"column":0},"end":{"line":4,"column":42}},"4":{"start":{"line":5,"column":0},"end":{"line":5,"column":17}},"5":{"start":{"line":6,"column":0},"end":{"line":6,"column":99}},"6":{"start":{"line":7,"column":0},"end":{"line":7,"column":55}},"7":{"start":{"line":8,"column":0},"end":{"line":8,"column":6}},"8":{"start":{"line":9,"column":0},"end":{"line":9,"column":8}},"9":{"start":{"line":10,"column":0},"end":{"line":10,"column":11}},"10":{"start":{"line":11,"column":0},"end":{"line":11,"column":0}},"11":{"start":{"line":12,"column":0},"end":{"line":12,"column":24}},"12":{"start":{"line":13,"column":0},"end":{"line":13,"column":31}},"13":{"start":{"line":14,"column":0},"end":{"line":14,"column":45}},"14":{"start":{"line":15,"column":0},"end":{"line":15,"column":0}},"15":{"start":{"line":16,"column":0},"end":{"line":16,"column":33}},"16":{"start":{"line":17,"column":0},"end":{"line":17,"column":0}},"17":{"start":{"line":18,"column":0},"end":{"line":18,"column":35}},"18":{"start":{"line":19,"column":0},"end":{"line":19,"column":9}},"19":{"start":{"line":20,"column":0},"end":{"line":20,"column":38}},"20":{"start":{"line":21,"column":0},"end":{"line":21,"column":4}},"21":{"start":{"line":22,"column":0},"end":{"line":22,"column":22}},"22":{"start":{"line":23,"column":0},"end":{"line":23,"column":47}},"23":{"start":{"line":24,"column":0},"end":{"line":24,"column":4}},"24":{"start":{"line":25,"column":0},"end":{"line":25,"column":3}},"25":{"start":{"line":26,"column":0},"end":{"line":26,"column":9}}},"s":{"0":1,"1":1,"2":1,"3":1,"4":1,"5":1,"6":1,"7":1,"8":1,"9":1,"10":1,"11":1,"12":1,"13":1,"14":1,"15":1,"16":1,"17":1,"18":1,"19":4,"20":4,"21":1,"22":2,"23":2,"24":1,"25":1},"branchMap":{"0":{"type":"branch","line":19,"loc":{"start":{"line":19,"column":2},"end":{"line":21,"column":4}},"locations":[{"start":{"line":19,"column":2},"end":{"line":21,"column":4}}]},"1":{"type":"branch","line":22,"loc":{"start":{"line":22,"column":2},"end":{"line":24,"column":4}},"locations":[{"start":{"line":22,"column":2},"end":{"line":24,"column":4}}]}},"b":{"0":[4],"1":[2]},"fnMap":{"0":{"name":"get","decl":{"start":{"line":19,"column":2},"end":{"line":21,"column":4}},"loc":{"start":{"line":19,"column":2},"end":{"line":21,"column":4}},"line":19},"1":{"name":"set","decl":{"start":{"line":22,"column":2},"end":{"line":24,"column":4}},"loc":{"start":{"line":22,"column":2},"end":{"line":24,"column":4}},"line":22}},"f":{"0":4,"1":2}}
,"/Users/sabinanossova/Desktop/job-search/src/components/JobSearch/JobSearchForm.vue": {"path":"/Users/sabinanossova/Desktop/job-search/src/components/JobSearch/JobSearchForm.vue","all":false,"statementMap":{"0":{"start":{"line":1,"column":0},"end":{"line":1,"column":10}},"1":{"start":{"line":2,"column":0},"end":{"line":2,"column":7}},"2":{"start":{"line":3,"column":0},"end":{"line":3,"column":93}},"3":{"start":{"line":4,"column":0},"end":{"line":4,"column":35}},"4":{"start":{"line":5,"column":0},"end":{"line":5,"column":3}},"5":{"start":{"line":6,"column":0},"end":{"line":6,"column":63}},"6":{"start":{"line":7,"column":0},"end":{"line":7,"column":69}},"7":{"start":{"line":8,"column":0},"end":{"line":8,"column":65}},"8":{"start":{"line":9,"column":0},"end":{"line":9,"column":70}},"9":{"start":{"line":10,"column":0},"end":{"line":10,"column":78}},"10":{"start":{"line":11,"column":0},"end":{"line":11,"column":12}},"11":{"start":{"line":12,"column":0},"end":{"line":12,"column":11}},"12":{"start":{"line":13,"column":0},"end":{"line":13,"column":99}},"13":{"start":{"line":14,"column":0},"end":{"line":14,"column":11}},"14":{"start":{"line":15,"column":0},"end":{"line":15,"column":13}},"15":{"start":{"line":16,"column":0},"end":{"line":16,"column":65}},"16":{"start":{"line":17,"column":0},"end":{"line":17,"column":76}},"17":{"start":{"line":18,"column":0},"end":{"line":18,"column":80}},"18":{"start":{"line":19,"column":0},"end":{"line":19,"column":12}},"19":{"start":{"line":20,"column":0},"end":{"line":20,"column":10}},"20":{"start":{"line":21,"column":0},"end":{"line":21,"column":0}},"21":{"start":{"line":22,"column":0},"end":{"line":22,"column":73}},"22":{"start":{"line":23,"column":0},"end":{"line":23,"column":9}},"23":{"start":{"line":24,"column":0},"end":{"line":24,"column":11}},"24":{"start":{"line":25,"column":0},"end":{"line":25,"column":0}},"25":{"start":{"line":26,"column":0},"end":{"line":26,"column":24}},"26":{"start":{"line":27,"column":0},"end":{"line":27,"column":26}},"27":{"start":{"line":28,"column":0},"end":{"line":28,"column":39}},"28":{"start":{"line":29,"column":0},"end":{"line":29,"column":64}},"29":{"start":{"line":30,"column":0},"end":{"line":30,"column":58}},"30":{"start":{"line":31,"column":0},"end":{"line":31,"column":0}},"31":{"start":{"line":32,"column":0},"end":{"line":32,"column":21}},"32":{"start":{"line":33,"column":0},"end":{"line":33,"column":25}},"33":{"start":{"line":34,"column":0},"end":{"line":34,"column":0}},"34":{"start":{"line":35,"column":0},"end":{"line":35,"column":27}},"35":{"start":{"line":36,"column":0},"end":{"line":36,"column":0}},"36":{"start":{"line":37,"column":0},"end":{"line":37,"column":29}},"37":{"start":{"line":38,"column":0},"end":{"line":38,"column":15}},"38":{"start":{"line":39,"column":0},"end":{"line":39,"column":23}},"39":{"start":{"line":40,"column":0},"end":{"line":40,"column":58}},"40":{"start":{"line":41,"column":0},"end":{"line":41,"column":5}},"41":{"start":{"line":42,"column":0},"end":{"line":42,"column":2}},"42":{"start":{"line":43,"column":0},"end":{"line":43,"column":9}}},"s":{"0":1,"1":1,"2":1,"3":1,"4":1,"5":1,"6":1,"7":1,"8":1,"9":1,"10":1,"11":1,"12":1,"13":1,"14":1,"15":1,"16":1,"17":1,"18":1,"19":1,"20":1,"21":1,"22":1,"23":1,"24":1,"25":1,"26":1,"27":1,"28":1,"29":1,"30":1,"31":1,"32":1,"33":1,"34":1,"35":1,"36":1,"37":1,"38":1,"39":1,"40":1,"41":1,"42":1},"branchMap":{"0":{"type":"branch","line":37,"loc":{"start":{"line":37,"column":22},"end":{"line":42,"column":2}},"locations":[{"start":{"line":37,"column":22},"end":{"line":42,"column":2}}]},"1":{"type":"branch","line":10,"loc":{"start":{"line":10,"column":38},"end":{"line":10,"column":44}},"locations":[{"start":{"line":10,"column":38},"end":{"line":10,"column":44}}]},"2":{"type":"branch","line":18,"loc":{"start":{"line":18,"column":42},"end":{"line":18,"column":52}},"locations":[{"start":{"line":18,"column":42},"end":{"line":18,"column":52}}]},"3":{"type":"branch","line":10,"loc":{"start":{"line":10,"column":38},"end":{"line":10,"column":44}},"locations":[{"start":{"line":10,"column":38},"end":{"line":10,"column":44}}]},"4":{"type":"branch","line":18,"loc":{"start":{"line":18,"column":42},"end":{"line":18,"column":52}},"locations":[{"start":{"line":18,"column":42},"end":{"line":18,"column":52}}]}},"b":{"0":[1],"1":[1],"2":[1],"3":[13],"4":[6]},"fnMap":{"0":{"name":"searchForJobs","decl":{"start":{"line":37,"column":22},"end":{"line":42,"column":2}},"loc":{"start":{"line":37,"column":22},"end":{"line":42,"column":2}},"line":37},"1":{"name":"__vite_ssr_import_5__.createElementBlock.__vite_ssr_import_5__.createElementVNode.__vite_ssr_import_5__.createElementVNode.__vite_ssr_import_5__.createVNode.onUpdate:modelValue._cache.<computed>._cache.<computed>","decl":{"start":{"line":10,"column":38},"end":{"line":10,"column":44}},"loc":{"start":{"line":10,"column":38},"end":{"line":10,"column":44}},"line":10},"2":{"name":"__vite_ssr_import_5__.createElementBlock.__vite_ssr_import_5__.createElementVNode.__vite_ssr_import_5__.createElementVNode.__vite_ssr_import_5__.createVNode.onUpdate:modelValue._cache.<computed>._cache.<computed>","decl":{"start":{"line":18,"column":42},"end":{"line":18,"column":52}},"loc":{"start":{"line":18,"column":42},"end":{"line":18,"column":52}},"line":18}},"f":{"0":1,"1":13,"2":6}}
,"/Users/sabinanossova/Desktop/job-search/src/components/JobSearch/SpotLight.vue": {"path":"/Users/sabinanossova/Desktop/job-search/src/components/JobSearch/SpotLight.vue","all":false,"statementMap":{"0":{"start":{"line":1,"column":0},"end":{"line":1,"column":10}},"1":{"start":{"line":2,"column":0},"end":{"line":2,"column":6}},"2":{"start":{"line":3,"column":0},"end":{"line":3,"column":60}},"3":{"start":{"line":4,"column":0},"end":{"line":4,"column":11}},"4":{"start":{"line":5,"column":0},"end":{"line":5,"column":28}},"5":{"start":{"line":6,"column":0},"end":{"line":6,"column":32}},"6":{"start":{"line":7,"column":0},"end":{"line":7,"column":44}},"7":{"start":{"line":8,"column":0},"end":{"line":8,"column":14}},"8":{"start":{"line":9,"column":0},"end":{"line":9,"column":9}},"9":{"start":{"line":10,"column":0},"end":{"line":10,"column":7}},"10":{"start":{"line":11,"column":0},"end":{"line":11,"column":11}},"11":{"start":{"line":12,"column":0},"end":{"line":12,"column":0}},"12":{"start":{"line":13,"column":0},"end":{"line":13,"column":24}},"13":{"start":{"line":14,"column":0},"end":{"line":14,"column":37}},"14":{"start":{"line":15,"column":0},"end":{"line":15,"column":26}},"15":{"start":{"line":16,"column":0},"end":{"line":16,"column":0}},"16":{"start":{"line":17,"column":0},"end":{"line":17,"column":21}},"17":{"start":{"line":18,"column":0},"end":{"line":18,"column":13}},"18":{"start":{"line":19,"column":0},"end":{"line":19,"column":14}},"19":{"start":{"line":20,"column":0},"end":{"line":20,"column":16}},"20":{"start":{"line":21,"column":0},"end":{"line":21,"column":22}},"21":{"start":{"line":22,"column":0},"end":{"line":22,"column":1}},"22":{"start":{"line":23,"column":0},"end":{"line":23,"column":0}},"23":{"start":{"line":24,"column":0},"end":{"line":24,"column":40}},"24":{"start":{"line":25,"column":0},"end":{"line":25,"column":0}},"25":{"start":{"line":26,"column":0},"end":{"line":26,"column":35}},"26":{"start":{"line":27,"column":0},"end":{"line":27,"column":51}},"27":{"start":{"line":28,"column":0},"end":{"line":28,"column":38}},"28":{"start":{"line":29,"column":0},"end":{"line":29,"column":53}},"29":{"start":{"line":30,"column":0},"end":{"line":30,"column":35}},"30":{"start":{"line":31,"column":0},"end":{"line":31,"column":2}},"31":{"start":{"line":32,"column":0},"end":{"line":32,"column":0}},"32":{"start":{"line":33,"column":0},"end":{"line":33,"column":25}},"33":{"start":{"line":34,"column":0},"end":{"line":34,"column":9}}},"s":{"0":1,"1":1,"2":1,"3":1,"4":1,"5":1,"6":1,"7":1,"8":1,"9":1,"10":1,"11":1,"12":1,"13":1,"14":1,"15":1,"16":1,"17":1,"18":1,"19":1,"20":1,"21":1,"22":1,"23":1,"24":1,"25":1,"26":3,"27":3,"28":3,"29":3,"30":3,"31":1,"32":1,"33":1},"branchMap":{"0":{"type":"branch","line":26,"loc":{"start":{"line":26,"column":22},"end":{"line":31,"column":2}},"locations":[{"start":{"line":26,"column":22},"end":{"line":31,"column":2}}]}},"b":{"0":[3]},"fnMap":{"0":{"name":"getSpotlights","decl":{"start":{"line":26,"column":22},"end":{"line":31,"column":2}},"loc":{"start":{"line":26,"column":22},"end":{"line":31,"column":2}},"line":26}},"f":{"0":3}}
,"/Users/sabinanossova/Desktop/job-search/src/components/JobSearch/TheHeadline.vue": {"path":"/Users/sabinanossova/Desktop/job-search/src/components/JobSearch/TheHeadline.vue","all":false,"statementMap":{"0":{"start":{"line":1,"column":0},"end":{"line":1,"column":10}},"1":{"start":{"line":2,"column":0},"end":{"line":2,"column":25}},"2":{"start":{"line":3,"column":0},"end":{"line":3,"column":58}},"3":{"start":{"line":4,"column":0},"end":{"line":4,"column":54}},"4":{"start":{"line":5,"column":0},"end":{"line":5,"column":12}},"5":{"start":{"line":6,"column":0},"end":{"line":6,"column":31}},"6":{"start":{"line":7,"column":0},"end":{"line":7,"column":9}},"7":{"start":{"line":8,"column":0},"end":{"line":8,"column":72}},"8":{"start":{"line":9,"column":0},"end":{"line":9,"column":12}},"9":{"start":{"line":10,"column":0},"end":{"line":10,"column":11}},"10":{"start":{"line":11,"column":0},"end":{"line":11,"column":0}},"11":{"start":{"line":12,"column":0},"end":{"line":12,"column":24}},"12":{"start":{"line":13,"column":0},"end":{"line":13,"column":64}},"13":{"start":{"line":14,"column":0},"end":{"line":14,"column":58}},"14":{"start":{"line":15,"column":0},"end":{"line":15,"column":0}},"15":{"start":{"line":16,"column":0},"end":{"line":16,"column":28}},"16":{"start":{"line":17,"column":0},"end":{"line":17,"column":55}},"17":{"start":{"line":18,"column":0},"end":{"line":18,"column":0}},"18":{"start":{"line":19,"column":0},"end":{"line":19,"column":38}},"19":{"start":{"line":20,"column":0},"end":{"line":20,"column":10}},"20":{"start":{"line":21,"column":0},"end":{"line":21,"column":39}},"21":{"start":{"line":22,"column":0},"end":{"line":22,"column":4}},"22":{"start":{"line":23,"column":0},"end":{"line":23,"column":3}},"23":{"start":{"line":24,"column":0},"end":{"line":24,"column":0}},"24":{"start":{"line":25,"column":0},"end":{"line":25,"column":27}},"25":{"start":{"line":26,"column":0},"end":{"line":26,"column":38}},"26":{"start":{"line":27,"column":0},"end":{"line":27,"column":58}},"27":{"start":{"line":28,"column":0},"end":{"line":28,"column":60}},"28":{"start":{"line":29,"column":0},"end":{"line":29,"column":11}},"29":{"start":{"line":30,"column":0},"end":{"line":30,"column":2}},"30":{"start":{"line":31,"column":0},"end":{"line":31,"column":23}},"31":{"start":{"line":32,"column":0},"end":{"line":32,"column":53}},"32":{"start":{"line":33,"column":0},"end":{"line":33,"column":9}},"33":{"start":{"line":34,"column":0},"end":{"line":34,"column":0}},"34":{"start":{"line":35,"column":0},"end":{"line":35,"column":14}},"35":{"start":{"line":36,"column":0},"end":{"line":36,"column":8}},"36":{"start":{"line":37,"column":0},"end":{"line":37,"column":17}},"37":{"start":{"line":38,"column":0},"end":{"line":38,"column":1}},"38":{"start":{"line":39,"column":0},"end":{"line":39,"column":0}},"39":{"start":{"line":40,"column":0},"end":{"line":40,"column":9}},"40":{"start":{"line":41,"column":0},"end":{"line":41,"column":17}},"41":{"start":{"line":42,"column":0},"end":{"line":42,"column":1}},"42":{"start":{"line":43,"column":0},"end":{"line":43,"column":0}},"43":{"start":{"line":44,"column":0},"end":{"line":44,"column":9}},"44":{"start":{"line":45,"column":0},"end":{"line":45,"column":17}},"45":{"start":{"line":46,"column":0},"end":{"line":46,"column":1}},"46":{"start":{"line":47,"column":0},"end":{"line":47,"column":0}},"47":{"start":{"line":48,"column":0},"end":{"line":48,"column":7}},"48":{"start":{"line":49,"column":0},"end":{"line":49,"column":17}},"49":{"start":{"line":50,"column":0},"end":{"line":50,"column":1}},"50":{"start":{"line":51,"column":0},"end":{"line":51,"column":8}}},"s":{"0":1,"1":1,"2":1,"3":1,"4":1,"5":1,"6":1,"7":1,"8":1,"9":1,"10":1,"11":1,"12":1,"13":1,"14":1,"15":1,"16":1,"17":1,"18":1,"19":5,"20":5,"21":5,"22":5,"23":1,"24":1,"25":4,"26":1,"27":1,"28":4,"29":4,"30":1,"31":1,"32":1,"33":1,"34":1,"35":1,"36":1,"37":1,"38":1,"39":1,"40":1,"41":1,"42":1,"43":1,"44":1,"45":1,"46":1,"47":1,"48":1,"49":1,"50":1},"branchMap":{"0":{"type":"branch","line":19,"loc":{"start":{"line":19,"column":31},"end":{"line":23,"column":3}},"locations":[{"start":{"line":19,"column":31},"end":{"line":23,"column":3}}]},"1":{"type":"branch","line":25,"loc":{"start":{"line":25,"column":20},"end":{"line":30,"column":2}},"locations":[{"start":{"line":25,"column":20},"end":{"line":30,"column":2}}]},"2":{"type":"branch","line":26,"loc":{"start":{"line":26,"column":31},"end":{"line":29,"column":5}},"locations":[{"start":{"line":26,"column":31},"end":{"line":29,"column":5}}]},"3":{"type":"branch","line":32,"loc":{"start":{"line":32,"column":16},"end":{"line":32,"column":53}},"locations":[{"start":{"line":32,"column":16},"end":{"line":32,"column":53}}]},"4":{"type":"branch","line":5,"loc":{"start":{"line":5,"column":6},"end":{"line":5,"column":12}},"locations":[{"start":{"line":5,"column":6},"end":{"line":5,"column":12}}]},"5":{"type":"branch","line":6,"loc":{"start":{"line":6,"column":6},"end":{"line":6,"column":31}},"locations":[{"start":{"line":6,"column":6},"end":{"line":6,"column":31}}]},"6":{"type":"branch","line":8,"loc":{"start":{"line":8,"column":4},"end":{"line":8,"column":72}},"locations":[{"start":{"line":8,"column":4},"end":{"line":8,"column":72}}]}},"b":{"0":[5],"1":[4],"2":[1],"3":[4],"4":[1],"5":[1],"6":[1]},"fnMap":{"0":{"name":"changeTitle","decl":{"start":{"line":25,"column":20},"end":{"line":30,"column":2}},"loc":{"start":{"line":25,"column":20},"end":{"line":30,"column":2}},"line":25}},"f":{"0":4}}
,"/Users/sabinanossova/Desktop/job-search/src/components/Navigation/MainNav.vue": {"path":"/Users/sabinanossova/Desktop/job-search/src/components/Navigation/MainNav.vue","all":false,"statementMap":{"0":{"start":{"line":1,"column":0},"end":{"line":1,"column":10}},"1":{"start":{"line":2,"column":0},"end":{"line":2,"column":60}},"2":{"start":{"line":3,"column":0},"end":{"line":3,"column":57}},"3":{"start":{"line":4,"column":0},"end":{"line":4,"column":10}},"4":{"start":{"line":5,"column":0},"end":{"line":5,"column":94}},"5":{"start":{"line":6,"column":0},"end":{"line":6,"column":7}},"6":{"start":{"line":7,"column":0},"end":{"line":7,"column":20}},"7":{"start":{"line":8,"column":0},"end":{"line":8,"column":32}},"8":{"start":{"line":9,"column":0},"end":{"line":9,"column":50}},"9":{"start":{"line":10,"column":0},"end":{"line":10,"column":34}},"10":{"start":{"line":11,"column":0},"end":{"line":11,"column":9}},"11":{"start":{"line":12,"column":0},"end":{"line":12,"column":0}},"12":{"start":{"line":13,"column":0},"end":{"line":13,"column":34}},"13":{"start":{"line":14,"column":0},"end":{"line":14,"column":44}},"14":{"start":{"line":15,"column":0},"end":{"line":15,"column":15}},"15":{"start":{"line":16,"column":0},"end":{"line":16,"column":43}},"16":{"start":{"line":17,"column":0},"end":{"line":17,"column":34}},"17":{"start":{"line":18,"column":0},"end":{"line":18,"column":52}},"18":{"start":{"line":19,"column":0},"end":{"line":19,"column":13}},"19":{"start":{"line":20,"column":0},"end":{"line":20,"column":26}},"20":{"start":{"line":21,"column":0},"end":{"line":21,"column":34}},"21":{"start":{"line":22,"column":0},"end":{"line":22,"column":55}},"22":{"start":{"line":23,"column":0},"end":{"line":23,"column":49}},"23":{"start":{"line":24,"column":0},"end":{"line":24,"column":15}},"24":{"start":{"line":25,"column":0},"end":{"line":25,"column":17}},"25":{"start":{"line":26,"column":0},"end":{"line":26,"column":15}},"26":{"start":{"line":27,"column":0},"end":{"line":27,"column":14}},"27":{"start":{"line":28,"column":0},"end":{"line":28,"column":0}},"28":{"start":{"line":29,"column":0},"end":{"line":29,"column":54}},"29":{"start":{"line":30,"column":0},"end":{"line":30,"column":44}},"30":{"start":{"line":31,"column":0},"end":{"line":31,"column":68}},"31":{"start":{"line":32,"column":0},"end":{"line":32,"column":14}},"32":{"start":{"line":33,"column":0},"end":{"line":33,"column":12}},"33":{"start":{"line":34,"column":0},"end":{"line":34,"column":37}},"34":{"start":{"line":35,"column":0},"end":{"line":35,"column":10}},"35":{"start":{"line":36,"column":0},"end":{"line":36,"column":11}},"36":{"start":{"line":37,"column":0},"end":{"line":37,"column":11}},"37":{"start":{"line":38,"column":0},"end":{"line":38,"column":0}},"38":{"start":{"line":39,"column":0},"end":{"line":39,"column":24}},"39":{"start":{"line":40,"column":0},"end":{"line":40,"column":36}},"40":{"start":{"line":41,"column":0},"end":{"line":41,"column":0}},"41":{"start":{"line":42,"column":0},"end":{"line":42,"column":45}},"42":{"start":{"line":43,"column":0},"end":{"line":43,"column":0}},"43":{"start":{"line":44,"column":0},"end":{"line":44,"column":64}},"44":{"start":{"line":45,"column":0},"end":{"line":45,"column":68}},"45":{"start":{"line":46,"column":0},"end":{"line":46,"column":62}},"46":{"start":{"line":47,"column":0},"end":{"line":47,"column":0}},"47":{"start":{"line":48,"column":0},"end":{"line":48,"column":23}},"48":{"start":{"line":49,"column":0},"end":{"line":49,"column":35}},"49":{"start":{"line":50,"column":0},"end":{"line":50,"column":43}},"50":{"start":{"line":51,"column":0},"end":{"line":51,"column":41}},"51":{"start":{"line":52,"column":0},"end":{"line":52,"column":41}},"52":{"start":{"line":53,"column":0},"end":{"line":53,"column":41}},"53":{"start":{"line":54,"column":0},"end":{"line":54,"column":3}},"54":{"start":{"line":55,"column":0},"end":{"line":55,"column":0}},"55":{"start":{"line":56,"column":0},"end":{"line":56,"column":33}},"56":{"start":{"line":57,"column":0},"end":{"line":57,"column":40}},"57":{"start":{"line":58,"column":0},"end":{"line":58,"column":56}},"58":{"start":{"line":59,"column":0},"end":{"line":59,"column":0}},"59":{"start":{"line":60,"column":0},"end":{"line":60,"column":43}},"60":{"start":{"line":61,"column":0},"end":{"line":61,"column":28}},"61":{"start":{"line":62,"column":0},"end":{"line":62,"column":27}},"62":{"start":{"line":63,"column":0},"end":{"line":63,"column":4}},"63":{"start":{"line":64,"column":0},"end":{"line":64,"column":9}}},"s":{"0":1,"1":1,"2":1,"3":1,"4":1,"5":1,"6":1,"7":1,"8":1,"9":1,"10":1,"11":1,"12":1,"13":1,"14":1,"15":1,"16":1,"17":1,"18":1,"19":1,"20":1,"21":1,"22":1,"23":1,"24":1,"25":1,"26":1,"27":1,"28":1,"29":1,"30":1,"31":1,"32":1,"33":1,"34":1,"35":1,"36":1,"37":1,"38":1,"39":1,"40":1,"41":1,"42":1,"43":1,"44":1,"45":1,"46":1,"47":1,"48":1,"49":1,"50":1,"51":1,"52":1,"53":1,"54":1,"55":1,"56":1,"57":1,"58":1,"59":1,"60":4,"61":4,"62":4,"63":1},"branchMap":{"0":{"type":"branch","line":58,"loc":{"start":{"line":58,"column":28},"end":{"line":58,"column":56}},"locations":[{"start":{"line":58,"column":28},"end":{"line":58,"column":56}}]},"1":{"type":"branch","line":60,"loc":{"start":{"line":60,"column":35},"end":{"line":63,"column":4}},"locations":[{"start":{"line":60,"column":35},"end":{"line":63,"column":4}}]},"2":{"type":"branch","line":34,"loc":{"start":{"line":34,"column":23},"end":{"line":34,"column":37}},"locations":[{"start":{"line":34,"column":23},"end":{"line":34,"column":37}}]},"3":{"type":"branch","line":10,"loc":{"start":{"line":10,"column":11},"end":{"line":10,"column":34}},"locations":[{"start":{"line":10,"column":11},"end":{"line":10,"column":34}}]},"4":{"type":"branch","line":23,"loc":{"start":{"line":23,"column":17},"end":{"line":23,"column":36}},"locations":[{"start":{"line":23,"column":17},"end":{"line":23,"column":36}}]}},"b":{"0":[4],"1":[4],"2":[1],"3":[3],"4":[20]},"fnMap":{},"f":{}}
,"/Users/sabinanossova/Desktop/job-search/src/components/Navigation/ProfileImage.vue": {"path":"/Users/sabinanossova/Desktop/job-search/src/components/Navigation/ProfileImage.vue","all":false,"statementMap":{"0":{"start":{"line":1,"column":0},"end":{"line":1,"column":10}},"1":{"start":{"line":2,"column":0},"end":{"line":2,"column":6}},"2":{"start":{"line":3,"column":0},"end":{"line":3,"column":20}},"3":{"start":{"line":4,"column":0},"end":{"line":4,"column":23}},"4":{"start":{"line":5,"column":0},"end":{"line":5,"column":103}},"5":{"start":{"line":6,"column":0},"end":{"line":6,"column":4}},"6":{"start":{"line":7,"column":0},"end":{"line":7,"column":11}},"7":{"start":{"line":8,"column":0},"end":{"line":8,"column":0}},"8":{"start":{"line":9,"column":0},"end":{"line":9,"column":24}},"9":{"start":{"line":10,"column":0},"end":{"line":10,"column":26}},"10":{"start":{"line":11,"column":0},"end":{"line":11,"column":0}},"11":{"start":{"line":12,"column":0},"end":{"line":12,"column":71}},"12":{"start":{"line":13,"column":0},"end":{"line":13,"column":9}}},"s":{"0":1,"1":1,"2":1,"3":1,"4":1,"5":1,"6":1,"7":1,"8":1,"9":1,"10":1,"11":1,"12":1},"branchMap":{},"b":{},"fnMap":{},"f":{}}
,"/Users/sabinanossova/Desktop/job-search/src/components/Navigation/TheSubnav.vue": {"path":"/Users/sabinanossova/Desktop/job-search/src/components/Navigation/TheSubnav.vue","all":false,"statementMap":{"0":{"start":{"line":1,"column":0},"end":{"line":1,"column":10}},"1":{"start":{"line":2,"column":0},"end":{"line":2,"column":78}},"2":{"start":{"line":3,"column":0},"end":{"line":3,"column":47}},"3":{"start":{"line":4,"column":0},"end":{"line":4,"column":35}},"4":{"start":{"line":5,"column":0},"end":{"line":5,"column":62}},"5":{"start":{"line":6,"column":0},"end":{"line":6,"column":28}},"6":{"start":{"line":7,"column":0},"end":{"line":7,"column":76}},"7":{"start":{"line":8,"column":0},"end":{"line":8,"column":22}},"8":{"start":{"line":9,"column":0},"end":{"line":9,"column":15}},"9":{"start":{"line":10,"column":0},"end":{"line":10,"column":12}},"10":{"start":{"line":11,"column":0},"end":{"line":11,"column":10}},"11":{"start":{"line":12,"column":0},"end":{"line":12,"column":8}},"12":{"start":{"line":13,"column":0},"end":{"line":13,"column":11}},"13":{"start":{"line":14,"column":0},"end":{"line":14,"column":0}},"14":{"start":{"line":15,"column":0},"end":{"line":15,"column":24}},"15":{"start":{"line":16,"column":0},"end":{"line":16,"column":31}},"16":{"start":{"line":17,"column":0},"end":{"line":17,"column":38}},"17":{"start":{"line":18,"column":0},"end":{"line":18,"column":0}},"18":{"start":{"line":19,"column":0},"end":{"line":19,"column":45}},"19":{"start":{"line":20,"column":0},"end":{"line":20,"column":0}},"20":{"start":{"line":21,"column":0},"end":{"line":21,"column":25}},"21":{"start":{"line":22,"column":0},"end":{"line":22,"column":69}},"22":{"start":{"line":23,"column":0},"end":{"line":23,"column":0}},"23":{"start":{"line":24,"column":0},"end":{"line":24,"column":33}},"24":{"start":{"line":25,"column":0},"end":{"line":25,"column":62}},"25":{"start":{"line":26,"column":0},"end":{"line":26,"column":9}}},"s":{"0":1,"1":1,"2":1,"3":1,"4":1,"5":1,"6":1,"7":1,"8":1,"9":1,"10":1,"11":1,"12":1,"13":1,"14":1,"15":1,"16":1,"17":1,"18":1,"19":1,"20":1,"21":1,"22":1,"23":1,"24":1,"25":1},"branchMap":{"0":{"type":"branch","line":22,"loc":{"start":{"line":22,"column":34},"end":{"line":22,"column":69}},"locations":[{"start":{"line":22,"column":34},"end":{"line":22,"column":69}}]},"1":{"type":"branch","line":25,"loc":{"start":{"line":25,"column":31},"end":{"line":25,"column":62}},"locations":[{"start":{"line":25,"column":31},"end":{"line":25,"column":62}}]}},"b":{"0":[3],"1":[2]},"fnMap":{},"f":{}}
,"/Users/sabinanossova/Desktop/job-search/src/components/Shared/ActionButton.vue": {"path":"/Users/sabinanossova/Desktop/job-search/src/components/Shared/ActionButton.vue","all":false,"statementMap":{"0":{"start":{"line":1,"column":0},"end":{"line":1,"column":0}}},"s":{"0":1},"branchMap":{},"b":{},"fnMap":{},"f":{}}
,"/Users/sabinanossova/Desktop/job-search/src/components/Shared/CollapsibleAccordion.vue": {"path":"/Users/sabinanossova/Desktop/job-search/src/components/Shared/CollapsibleAccordion.vue","all":false,"statementMap":{"0":{"start":{"line":1,"column":0},"end":{"line":1,"column":10}},"1":{"start":{"line":2,"column":0},"end":{"line":2,"column":62}},"2":{"start":{"line":3,"column":0},"end":{"line":3,"column":8}},"3":{"start":{"line":4,"column":0},"end":{"line":4,"column":72}},"4":{"start":{"line":5,"column":0},"end":{"line":5,"column":19}},"5":{"start":{"line":6,"column":0},"end":{"line":6,"column":19}},"6":{"start":{"line":7,"column":0},"end":{"line":7,"column":5}},"7":{"start":{"line":8,"column":0},"end":{"line":8,"column":59}},"8":{"start":{"line":9,"column":0},"end":{"line":9,"column":57}},"9":{"start":{"line":10,"column":0},"end":{"line":10,"column":10}},"10":{"start":{"line":11,"column":0},"end":{"line":11,"column":0}},"11":{"start":{"line":12,"column":0},"end":{"line":12,"column":43}},"12":{"start":{"line":13,"column":0},"end":{"line":13,"column":12}},"13":{"start":{"line":14,"column":0},"end":{"line":14,"column":53}},"14":{"start":{"line":15,"column":0},"end":{"line":15,"column":13}},"15":{"start":{"line":16,"column":0},"end":{"line":16,"column":10}},"16":{"start":{"line":17,"column":0},"end":{"line":17,"column":8}},"17":{"start":{"line":18,"column":0},"end":{"line":18,"column":11}},"18":{"start":{"line":19,"column":0},"end":{"line":19,"column":0}},"19":{"start":{"line":20,"column":0},"end":{"line":20,"column":24}},"20":{"start":{"line":21,"column":0},"end":{"line":21,"column":36}},"21":{"start":{"line":22,"column":0},"end":{"line":22,"column":0}},"22":{"start":{"line":23,"column":0},"end":{"line":23,"column":13}},"23":{"start":{"line":24,"column":0},"end":{"line":24,"column":11}},"24":{"start":{"line":25,"column":0},"end":{"line":25,"column":17}},"25":{"start":{"line":26,"column":0},"end":{"line":26,"column":19}},"26":{"start":{"line":27,"column":0},"end":{"line":27,"column":4}},"27":{"start":{"line":28,"column":0},"end":{"line":28,"column":3}},"28":{"start":{"line":29,"column":0},"end":{"line":29,"column":0}},"29":{"start":{"line":30,"column":0},"end":{"line":30,"column":26}},"30":{"start":{"line":31,"column":0},"end":{"line":31,"column":0}},"31":{"start":{"line":32,"column":0},"end":{"line":32,"column":20}},"32":{"start":{"line":33,"column":0},"end":{"line":33,"column":31}},"33":{"start":{"line":34,"column":0},"end":{"line":34,"column":2}},"34":{"start":{"line":35,"column":0},"end":{"line":35,"column":0}},"35":{"start":{"line":36,"column":0},"end":{"line":36,"column":32}},"36":{"start":{"line":37,"column":0},"end":{"line":37,"column":60}},"37":{"start":{"line":38,"column":0},"end":{"line":38,"column":2}},"38":{"start":{"line":39,"column":0},"end":{"line":39,"column":9}}},"s":{"0":1,"1":1,"2":1,"3":1,"4":1,"5":1,"6":1,"7":1,"8":1,"9":1,"10":1,"11":1,"12":1,"13":1,"14":1,"15":1,"16":1,"17":1,"18":1,"19":1,"20":1,"21":1,"22":1,"23":1,"24":1,"25":1,"26":1,"27":1,"28":1,"29":1,"30":1,"31":1,"32":2,"33":2,"34":1,"35":1,"36":4,"37":1,"38":1},"branchMap":{"0":{"type":"branch","line":32,"loc":{"start":{"line":32,"column":13},"end":{"line":34,"column":2}},"locations":[{"start":{"line":32,"column":13},"end":{"line":34,"column":2}}]},"1":{"type":"branch","line":36,"loc":{"start":{"line":36,"column":27},"end":{"line":37,"column":60}},"locations":[{"start":{"line":36,"column":27},"end":{"line":37,"column":60}}]},"2":{"type":"branch","line":37,"loc":{"start":{"line":37,"column":9},"end":{"line":37,"column":39}},"locations":[{"start":{"line":37,"column":9},"end":{"line":37,"column":39}}]},"3":{"type":"branch","line":37,"loc":{"start":{"line":37,"column":35},"end":{"line":37,"column":60}},"locations":[{"start":{"line":37,"column":35},"end":{"line":37,"column":60}}]}},"b":{"0":[2],"1":[4],"2":[2],"3":[2]},"fnMap":{"0":{"name":"open","decl":{"start":{"line":32,"column":13},"end":{"line":34,"column":2}},"loc":{"start":{"line":32,"column":13},"end":{"line":34,"column":2}},"line":32}},"f":{"0":2}}
,"/Users/sabinanossova/Desktop/job-search/src/components/Shared/HeaderContainer.vue": {"path":"/Users/sabinanossova/Desktop/job-search/src/components/Shared/HeaderContainer.vue","all":false,"statementMap":{"0":{"start":{"line":1,"column":0},"end":{"line":1,"column":10}},"1":{"start":{"line":2,"column":0},"end":{"line":2,"column":64}},"2":{"start":{"line":3,"column":0},"end":{"line":3,"column":43}},"3":{"start":{"line":4,"column":0},"end":{"line":4,"column":44}},"4":{"start":{"line":5,"column":0},"end":{"line":5,"column":50}},"5":{"start":{"line":6,"column":0},"end":{"line":6,"column":10}},"6":{"start":{"line":7,"column":0},"end":{"line":7,"column":8}},"7":{"start":{"line":8,"column":0},"end":{"line":8,"column":11}}},"s":{"0":1,"1":1,"2":1,"3":1,"4":1,"5":1,"6":1,"7":1},"branchMap":{"0":{"type":"branch","line":4,"loc":{"start":{"line":4,"column":37},"end":{"line":5,"column":28}},"locations":[{"start":{"line":4,"column":37},"end":{"line":5,"column":28}}]}},"b":{"0":[1]},"fnMap":{},"f":{}}
,"/Users/sabinanossova/Desktop/job-search/src/components/Shared/TextInput.vue": {"path":"/Users/sabinanossova/Desktop/job-search/src/components/Shared/TextInput.vue","all":false,"statementMap":{"0":{"start":{"line":1,"column":0},"end":{"line":1,"column":10}},"1":{"start":{"line":2,"column":0},"end":{"line":2,"column":8}},"2":{"start":{"line":3,"column":0},"end":{"line":3,"column":15}},"3":{"start":{"line":4,"column":0},"end":{"line":4,"column":23}},"4":{"start":{"line":5,"column":0},"end":{"line":5,"column":57}},"5":{"start":{"line":6,"column":0},"end":{"line":6,"column":24}},"6":{"start":{"line":7,"column":0},"end":{"line":7,"column":4}},"7":{"start":{"line":8,"column":0},"end":{"line":8,"column":11}},"8":{"start":{"line":9,"column":0},"end":{"line":9,"column":0}},"9":{"start":{"line":10,"column":0},"end":{"line":10,"column":24}},"10":{"start":{"line":11,"column":0},"end":{"line":11,"column":13}},"11":{"start":{"line":12,"column":0},"end":{"line":12,"column":15}},"12":{"start":{"line":13,"column":0},"end":{"line":13,"column":17}},"13":{"start":{"line":14,"column":0},"end":{"line":14,"column":19}},"14":{"start":{"line":15,"column":0},"end":{"line":15,"column":4}},"15":{"start":{"line":16,"column":0},"end":{"line":16,"column":3}},"16":{"start":{"line":17,"column":0},"end":{"line":17,"column":0}},"17":{"start":{"line":18,"column":0},"end":{"line":18,"column":48}},"18":{"start":{"line":19,"column":0},"end":{"line":19,"column":0}},"19":{"start":{"line":20,"column":0},"end":{"line":20,"column":40}},"20":{"start":{"line":21,"column":0},"end":{"line":21,"column":51}},"21":{"start":{"line":22,"column":0},"end":{"line":22,"column":42}},"22":{"start":{"line":23,"column":0},"end":{"line":23,"column":2}},"23":{"start":{"line":24,"column":0},"end":{"line":24,"column":9}}},"s":{"0":1,"1":1,"2":1,"3":1,"4":1,"5":1,"6":1,"7":1,"8":1,"9":1,"10":1,"11":1,"12":1,"13":1,"14":1,"15":1,"16":1,"17":1,"18":1,"19":1,"20":22,"21":22,"22":22,"23":1},"branchMap":{"0":{"type":"branch","line":20,"loc":{"start":{"line":20,"column":21},"end":{"line":23,"column":2}},"locations":[{"start":{"line":20,"column":21},"end":{"line":23,"column":2}}]}},"b":{"0":[22]},"fnMap":{"0":{"name":"handleInput","decl":{"start":{"line":20,"column":21},"end":{"line":23,"column":2}},"loc":{"start":{"line":20,"column":21},"end":{"line":23,"column":2}},"line":20}},"f":{"0":22}}
,"/Users/sabinanossova/Desktop/job-search/src/composables/usePreviousAndNextPages.ts": {"path":"/Users/sabinanossova/Desktop/job-search/src/composables/usePreviousAndNextPages.ts","all":false,"statementMap":{"0":{"start":{"line":1,"column":0},"end":{"line":1,"column":41}},"1":{"start":{"line":2,"column":0},"end":{"line":2,"column":0}},"2":{"start":{"line":3,"column":0},"end":{"line":3,"column":33}},"3":{"start":{"line":4,"column":0},"end":{"line":4,"column":27}},"4":{"start":{"line":5,"column":0},"end":{"line":5,"column":22}},"5":{"start":{"line":6,"column":0},"end":{"line":6,"column":6}},"6":{"start":{"line":7,"column":0},"end":{"line":7,"column":39}},"7":{"start":{"line":8,"column":0},"end":{"line":8,"column":47}},"8":{"start":{"line":9,"column":0},"end":{"line":9,"column":24}},"9":{"start":{"line":10,"column":0},"end":{"line":10,"column":64}},"10":{"start":{"line":11,"column":0},"end":{"line":11,"column":5}},"11":{"start":{"line":12,"column":0},"end":{"line":12,"column":0}},"12":{"start":{"line":13,"column":0},"end":{"line":13,"column":35}},"13":{"start":{"line":14,"column":0},"end":{"line":14,"column":43}},"14":{"start":{"line":15,"column":0},"end":{"line":15,"column":60}},"15":{"start":{"line":16,"column":0},"end":{"line":16,"column":5}},"16":{"start":{"line":17,"column":0},"end":{"line":17,"column":0}},"17":{"start":{"line":18,"column":0},"end":{"line":18,"column":36}},"18":{"start":{"line":19,"column":0},"end":{"line":19,"column":2}},"19":{"start":{"line":20,"column":0},"end":{"line":20,"column":0}},"20":{"start":{"line":21,"column":0},"end":{"line":21,"column":39}}},"s":{"0":1,"1":1,"2":1,"3":1,"4":13,"5":13,"6":13,"7":11,"8":11,"9":11,"10":11,"11":13,"12":13,"13":16,"14":16,"15":16,"16":13,"17":13,"18":13,"19":1,"20":1},"branchMap":{"0":{"type":"branch","line":4,"loc":{"start":{"line":4,"column":2},"end":{"line":19,"column":2}},"locations":[{"start":{"line":4,"column":2},"end":{"line":19,"column":2}}]},"1":{"type":"branch","line":7,"loc":{"start":{"line":7,"column":32},"end":{"line":11,"column":5}},"locations":[{"start":{"line":7,"column":32},"end":{"line":11,"column":5}}]},"2":{"type":"branch","line":10,"loc":{"start":{"line":10,"column":27},"end":{"line":10,"column":54}},"locations":[{"start":{"line":10,"column":27},"end":{"line":10,"column":54}}]},"3":{"type":"branch","line":10,"loc":{"start":{"line":10,"column":39},"end":{"line":10,"column":64}},"locations":[{"start":{"line":10,"column":39},"end":{"line":10,"column":64}}]},"4":{"type":"branch","line":13,"loc":{"start":{"line":13,"column":28},"end":{"line":16,"column":5}},"locations":[{"start":{"line":13,"column":28},"end":{"line":16,"column":5}}]},"5":{"type":"branch","line":15,"loc":{"start":{"line":15,"column":31},"end":{"line":15,"column":50}},"locations":[{"start":{"line":15,"column":31},"end":{"line":15,"column":50}}]},"6":{"type":"branch","line":15,"loc":{"start":{"line":15,"column":39},"end":{"line":15,"column":60}},"locations":[{"start":{"line":15,"column":39},"end":{"line":15,"column":60}}]}},"b":{"0":[13],"1":[11],"2":[4],"3":[7],"4":[16],"5":[10],"6":[6]},"fnMap":{"0":{"name":"usePreviousAndNextPages","decl":{"start":{"line":4,"column":2},"end":{"line":19,"column":2}},"loc":{"start":{"line":4,"column":2},"end":{"line":19,"column":2}},"line":4}},"f":{"0":13}}
,"/Users/sabinanossova/Desktop/job-search/src/stores/degrees.ts": {"path":"/Users/sabinanossova/Desktop/job-search/src/stores/degrees.ts","all":false,"statementMap":{"0":{"start":{"line":1,"column":0},"end":{"line":1,"column":36}},"1":{"start":{"line":2,"column":0},"end":{"line":2,"column":0}},"2":{"start":{"line":3,"column":0},"end":{"line":3,"column":36}},"3":{"start":{"line":4,"column":0},"end":{"line":4,"column":0}},"4":{"start":{"line":5,"column":0},"end":{"line":5,"column":42}},"5":{"start":{"line":6,"column":0},"end":{"line":6,"column":42}},"6":{"start":{"line":7,"column":0},"end":{"line":7,"column":0}},"7":{"start":{"line":8,"column":0},"end":{"line":8,"column":61}},"8":{"start":{"line":9,"column":0},"end":{"line":9,"column":36}},"9":{"start":{"line":10,"column":0},"end":{"line":10,"column":0}},"10":{"start":{"line":11,"column":0},"end":{"line":11,"column":37}},"11":{"start":{"line":12,"column":0},"end":{"line":12,"column":47}},"12":{"start":{"line":13,"column":0},"end":{"line":13,"column":36}},"13":{"start":{"line":14,"column":0},"end":{"line":14,"column":4}},"14":{"start":{"line":15,"column":0},"end":{"line":15,"column":0}},"15":{"start":{"line":16,"column":0},"end":{"line":16,"column":39}},"16":{"start":{"line":17,"column":0},"end":{"line":17,"column":48}},"17":{"start":{"line":18,"column":0},"end":{"line":18,"column":4}},"18":{"start":{"line":19,"column":0},"end":{"line":19,"column":0}},"19":{"start":{"line":20,"column":0},"end":{"line":20,"column":52}},"20":{"start":{"line":21,"column":0},"end":{"line":21,"column":3}}},"s":{"0":1,"1":1,"2":1,"3":1,"4":1,"5":1,"6":1,"7":1,"8":12,"9":12,"10":12,"11":1,"12":1,"13":1,"14":12,"15":12,"16":1,"17":12,"18":12,"19":12,"20":12},"branchMap":{"0":{"type":"branch","line":8,"loc":{"start":{"line":8,"column":54},"end":{"line":21,"column":3}},"locations":[{"start":{"line":8,"column":54},"end":{"line":21,"column":3}}]},"1":{"type":"branch","line":11,"loc":{"start":{"line":11,"column":24},"end":{"line":14,"column":4}},"locations":[{"start":{"line":11,"column":24},"end":{"line":14,"column":4}}]},"2":{"type":"branch","line":16,"loc":{"start":{"line":16,"column":34},"end":{"line":17,"column":48}},"locations":[{"start":{"line":16,"column":34},"end":{"line":17,"column":48}}]},"3":{"type":"branch","line":17,"loc":{"start":{"line":17,"column":23},"end":{"line":17,"column":48}},"locations":[{"start":{"line":17,"column":23},"end":{"line":17,"column":48}}]},"4":{"type":"branch","line":21,"loc":{"start":{"line":21,"column":1},"end":{"line":21,"column":3}},"locations":[{"start":{"line":21,"column":1},"end":{"line":21,"column":3}}]}},"b":{"0":[12],"1":[1],"2":[1],"3":[2],"4":[21]},"fnMap":{"0":{"name":"FETCH_DEGREES","decl":{"start":{"line":11,"column":24},"end":{"line":14,"column":4}},"loc":{"start":{"line":11,"column":24},"end":{"line":14,"column":4}},"line":11},"1":{"name":"get","decl":{"start":{"line":21,"column":1},"end":{"line":21,"column":3}},"loc":{"start":{"line":21,"column":1},"end":{"line":21,"column":3}},"line":21}},"f":{"0":1,"1":21}}
,"/Users/sabinanossova/Desktop/job-search/src/stores/jobs.ts": {"path":"/Users/sabinanossova/Desktop/job-search/src/stores/jobs.ts","all":false,"statementMap":{"0":{"start":{"line":1,"column":0},"end":{"line":1,"column":36}},"1":{"start":{"line":2,"column":0},"end":{"line":2,"column":36}},"2":{"start":{"line":3,"column":0},"end":{"line":3,"column":0}},"3":{"start":{"line":4,"column":0},"end":{"line":4,"column":45}},"4":{"start":{"line":5,"column":0},"end":{"line":5,"column":39}},"5":{"start":{"line":6,"column":0},"end":{"line":6,"column":0}},"6":{"start":{"line":7,"column":0},"end":{"line":7,"column":39}},"7":{"start":{"line":8,"column":0},"end":{"line":8,"column":59}},"8":{"start":{"line":9,"column":0},"end":{"line":9,"column":51}},"9":{"start":{"line":10,"column":0},"end":{"line":10,"column":45}},"10":{"start":{"line":11,"column":0},"end":{"line":11,"column":0}},"11":{"start":{"line":12,"column":0},"end":{"line":12,"column":73}},"12":{"start":{"line":13,"column":0},"end":{"line":13,"column":65}},"13":{"start":{"line":14,"column":0},"end":{"line":14,"column":61}},"14":{"start":{"line":15,"column":0},"end":{"line":15,"column":59}},"15":{"start":{"line":16,"column":0},"end":{"line":16,"column":0}},"16":{"start":{"line":17,"column":0},"end":{"line":17,"column":28}},"17":{"start":{"line":18,"column":0},"end":{"line":18,"column":14}},"18":{"start":{"line":19,"column":0},"end":{"line":19,"column":1}},"19":{"start":{"line":20,"column":0},"end":{"line":20,"column":0}},"20":{"start":{"line":21,"column":0},"end":{"line":21,"column":49}},"21":{"start":{"line":22,"column":0},"end":{"line":22,"column":28}},"22":{"start":{"line":23,"column":0},"end":{"line":23,"column":13}},"23":{"start":{"line":24,"column":0},"end":{"line":24,"column":5}},"24":{"start":{"line":25,"column":0},"end":{"line":25,"column":12}},"25":{"start":{"line":26,"column":0},"end":{"line":26,"column":26}},"26":{"start":{"line":27,"column":0},"end":{"line":27,"column":35}},"27":{"start":{"line":28,"column":0},"end":{"line":28,"column":23}},"28":{"start":{"line":29,"column":0},"end":{"line":29,"column":6}},"29":{"start":{"line":30,"column":0},"end":{"line":30,"column":4}},"30":{"start":{"line":31,"column":0},"end":{"line":31,"column":12}},"31":{"start":{"line":32,"column":0},"end":{"line":32,"column":35}},"32":{"start":{"line":33,"column":0},"end":{"line":33,"column":52}},"33":{"start":{"line":34,"column":0},"end":{"line":34,"column":77}},"34":{"start":{"line":35,"column":0},"end":{"line":35,"column":33}},"35":{"start":{"line":36,"column":0},"end":{"line":36,"column":6}},"36":{"start":{"line":37,"column":0},"end":{"line":37,"column":31}},"37":{"start":{"line":38,"column":0},"end":{"line":38,"column":47}},"38":{"start":{"line":39,"column":0},"end":{"line":39,"column":67}},"39":{"start":{"line":40,"column":0},"end":{"line":40,"column":28}},"40":{"start":{"line":41,"column":0},"end":{"line":41,"column":6}},"41":{"start":{"line":42,"column":0},"end":{"line":42,"column":56}},"42":{"start":{"line":43,"column":0},"end":{"line":43,"column":39}},"43":{"start":{"line":44,"column":0},"end":{"line":44,"column":68}},"44":{"start":{"line":45,"column":0},"end":{"line":45,"column":72}},"45":{"start":{"line":46,"column":0},"end":{"line":46,"column":6}},"46":{"start":{"line":47,"column":0},"end":{"line":47,"column":52}},"47":{"start":{"line":48,"column":0},"end":{"line":48,"column":39}},"48":{"start":{"line":49,"column":0},"end":{"line":49,"column":63}},"49":{"start":{"line":50,"column":0},"end":{"line":50,"column":62}},"50":{"start":{"line":51,"column":0},"end":{"line":51,"column":6}},"51":{"start":{"line":52,"column":0},"end":{"line":52,"column":50}},"52":{"start":{"line":53,"column":0},"end":{"line":53,"column":39}},"53":{"start":{"line":54,"column":0},"end":{"line":54,"column":62}},"54":{"start":{"line":55,"column":0},"end":{"line":55,"column":60}},"55":{"start":{"line":56,"column":0},"end":{"line":56,"column":6}},"56":{"start":{"line":57,"column":0},"end":{"line":57,"column":49}},"57":{"start":{"line":58,"column":0},"end":{"line":58,"column":39}},"58":{"start":{"line":59,"column":0},"end":{"line":59,"column":22}},"59":{"start":{"line":60,"column":0},"end":{"line":60,"column":22}},"60":{"start":{"line":61,"column":0},"end":{"line":61,"column":60}},"61":{"start":{"line":62,"column":0},"end":{"line":62,"column":6}},"62":{"start":{"line":63,"column":0},"end":{"line":63,"column":35}},"63":{"start":{"line":64,"column":0},"end":{"line":64,"column":23}},"64":{"start":{"line":65,"column":0},"end":{"line":65,"column":63}},"65":{"start":{"line":66,"column":0},"end":{"line":66,"column":59}},"66":{"start":{"line":67,"column":0},"end":{"line":67,"column":57}},"67":{"start":{"line":68,"column":0},"end":{"line":68,"column":57}},"68":{"start":{"line":69,"column":0},"end":{"line":69,"column":6}},"69":{"start":{"line":70,"column":0},"end":{"line":70,"column":4}},"70":{"start":{"line":71,"column":0},"end":{"line":71,"column":3}}},"s":{"0":1,"1":1,"2":1,"3":1,"4":1,"5":1,"6":1,"7":1,"8":1,"9":1,"10":1,"11":1,"12":1,"13":1,"14":1,"15":1,"16":1,"17":1,"18":1,"19":1,"20":1,"21":1,"22":25,"23":25,"24":1,"25":1,"26":1,"27":1,"28":1,"29":1,"30":1,"31":1,"32":1,"33":1,"34":1,"35":1,"36":1,"37":1,"38":1,"39":1,"40":1,"41":1,"42":2,"43":2,"44":1,"45":1,"46":1,"47":2,"48":2,"49":1,"50":1,"51":1,"52":2,"53":2,"54":1,"55":1,"56":1,"57":3,"58":3,"59":3,"60":3,"61":3,"62":1,"63":1,"64":1,"65":1,"66":1,"67":1,"68":1,"69":1,"70":1},"branchMap":{"0":{"type":"branch","line":22,"loc":{"start":{"line":22,"column":9},"end":{"line":24,"column":5}},"locations":[{"start":{"line":22,"column":9},"end":{"line":24,"column":5}}]},"1":{"type":"branch","line":26,"loc":{"start":{"line":26,"column":4},"end":{"line":29,"column":6}},"locations":[{"start":{"line":26,"column":4},"end":{"line":29,"column":6}}]},"2":{"type":"branch","line":32,"loc":{"start":{"line":32,"column":5},"end":{"line":36,"column":6}},"locations":[{"start":{"line":32,"column":5},"end":{"line":36,"column":6}}]},"3":{"type":"branch","line":34,"loc":{"start":{"line":34,"column":26},"end":{"line":34,"column":77}},"locations":[{"start":{"line":34,"column":26},"end":{"line":34,"column":77}}]},"4":{"type":"branch","line":37,"loc":{"start":{"line":37,"column":5},"end":{"line":41,"column":6}},"locations":[{"start":{"line":37,"column":5},"end":{"line":41,"column":6}}]},"5":{"type":"branch","line":39,"loc":{"start":{"line":39,"column":26},"end":{"line":39,"column":67}},"locations":[{"start":{"line":39,"column":26},"end":{"line":39,"column":67}}]},"6":{"type":"branch","line":42,"loc":{"start":{"line":42,"column":35},"end":{"line":46,"column":6}},"locations":[{"start":{"line":42,"column":35},"end":{"line":46,"column":6}}]},"7":{"type":"branch","line":42,"loc":{"start":{"line":42,"column":42},"end":{"line":46,"column":6}},"locations":[{"start":{"line":42,"column":42},"end":{"line":46,"column":6}}]},"8":{"type":"branch","line":44,"loc":{"start":{"line":44,"column":56},"end":{"line":46,"column":6}},"locations":[{"start":{"line":44,"column":56},"end":{"line":46,"column":6}}]},"9":{"type":"branch","line":47,"loc":{"start":{"line":47,"column":31},"end":{"line":51,"column":6}},"locations":[{"start":{"line":47,"column":31},"end":{"line":51,"column":6}}]},"10":{"type":"branch","line":47,"loc":{"start":{"line":47,"column":38},"end":{"line":51,"column":6}},"locations":[{"start":{"line":47,"column":38},"end":{"line":51,"column":6}}]},"11":{"type":"branch","line":49,"loc":{"start":{"line":49,"column":51},"end":{"line":51,"column":6}},"locations":[{"start":{"line":49,"column":51},"end":{"line":51,"column":6}}]},"12":{"type":"branch","line":52,"loc":{"start":{"line":52,"column":29},"end":{"line":56,"column":6}},"locations":[{"start":{"line":52,"column":29},"end":{"line":56,"column":6}}]},"13":{"type":"branch","line":52,"loc":{"start":{"line":52,"column":36},"end":{"line":56,"column":6}},"locations":[{"start":{"line":52,"column":36},"end":{"line":56,"column":6}}]},"14":{"type":"branch","line":54,"loc":{"start":{"line":54,"column":50},"end":{"line":56,"column":6}},"locations":[{"start":{"line":54,"column":50},"end":{"line":56,"column":6}}]},"15":{"type":"branch","line":57,"loc":{"start":{"line":57,"column":28},"end":{"line":62,"column":6}},"locations":[{"start":{"line":57,"column":28},"end":{"line":62,"column":6}}]},"16":{"type":"branch","line":57,"loc":{"start":{"line":57,"column":35},"end":{"line":62,"column":6}},"locations":[{"start":{"line":57,"column":35},"end":{"line":62,"column":6}}]},"17":{"type":"branch","line":63,"loc":{"start":{"line":63,"column":5},"end":{"line":69,"column":6}},"locations":[{"start":{"line":63,"column":5},"end":{"line":69,"column":6}}]},"18":{"type":"branch","line":71,"loc":{"start":{"line":71,"column":1},"end":{"line":71,"column":3}},"locations":[{"start":{"line":71,"column":1},"end":{"line":71,"column":3}}]}},"b":{"0":[25],"1":[1],"2":[1],"3":[3],"4":[1],"5":[3],"6":[2],"7":[2],"8":[1],"9":[2],"10":[2],"11":[1],"12":[2],"13":[2],"14":[1],"15":[3],"16":[3],"17":[1],"18":[36]},"fnMap":{"0":{"name":"get","decl":{"start":{"line":7,"column":26},"end":{"line":7,"column":39}},"loc":{"start":{"line":7,"column":26},"end":{"line":7,"column":39}},"line":7},"1":{"name":"get","decl":{"start":{"line":8,"column":36},"end":{"line":8,"column":59}},"loc":{"start":{"line":8,"column":36},"end":{"line":8,"column":59}},"line":8},"2":{"name":"get","decl":{"start":{"line":9,"column":32},"end":{"line":9,"column":51}},"loc":{"start":{"line":9,"column":32},"end":{"line":9,"column":51}},"line":9},"3":{"name":"get","decl":{"start":{"line":10,"column":29},"end":{"line":10,"column":45}},"loc":{"start":{"line":10,"column":29},"end":{"line":10,"column":45}},"line":10},"4":{"name":"get","decl":{"start":{"line":12,"column":43},"end":{"line":12,"column":73}},"loc":{"start":{"line":12,"column":43},"end":{"line":12,"column":73}},"line":12},"5":{"name":"get","decl":{"start":{"line":13,"column":39},"end":{"line":13,"column":65}},"loc":{"start":{"line":13,"column":39},"end":{"line":13,"column":65}},"line":13},"6":{"name":"get","decl":{"start":{"line":14,"column":37},"end":{"line":14,"column":61}},"loc":{"start":{"line":14,"column":37},"end":{"line":14,"column":61}},"line":14},"7":{"name":"get","decl":{"start":{"line":15,"column":36},"end":{"line":15,"column":59}},"loc":{"start":{"line":15,"column":36},"end":{"line":15,"column":59}},"line":15},"8":{"name":"state","decl":{"start":{"line":22,"column":9},"end":{"line":24,"column":5}},"loc":{"start":{"line":22,"column":9},"end":{"line":24,"column":5}},"line":22},"9":{"name":"__vite_ssr_import_0__.defineStore.actions","decl":{"start":{"line":26,"column":4},"end":{"line":29,"column":6}},"loc":{"start":{"line":26,"column":4},"end":{"line":29,"column":6}},"line":26},"10":{"name":"__vite_ssr_import_0__.defineStore.getters","decl":{"start":{"line":32,"column":5},"end":{"line":36,"column":6}},"loc":{"start":{"line":32,"column":5},"end":{"line":36,"column":6}},"line":32},"11":{"name":"__vite_ssr_import_0__.defineStore.getters","decl":{"start":{"line":37,"column":5},"end":{"line":41,"column":6}},"loc":{"start":{"line":37,"column":5},"end":{"line":41,"column":6}},"line":37},"12":{"name":"__vite_ssr_import_0__.defineStore.getters","decl":{"start":{"line":42,"column":35},"end":{"line":46,"column":6}},"loc":{"start":{"line":42,"column":35},"end":{"line":46,"column":6}},"line":42},"13":{"name":"__vite_ssr_import_0__.defineStore.getters","decl":{"start":{"line":47,"column":31},"end":{"line":51,"column":6}},"loc":{"start":{"line":47,"column":31},"end":{"line":51,"column":6}},"line":47},"14":{"name":"__vite_ssr_import_0__.defineStore.getters","decl":{"start":{"line":52,"column":29},"end":{"line":56,"column":6}},"loc":{"start":{"line":52,"column":29},"end":{"line":56,"column":6}},"line":52},"15":{"name":"__vite_ssr_import_0__.defineStore.getters","decl":{"start":{"line":57,"column":28},"end":{"line":62,"column":6}},"loc":{"start":{"line":57,"column":28},"end":{"line":62,"column":6}},"line":57},"16":{"name":"__vite_ssr_import_0__.defineStore.getters","decl":{"start":{"line":63,"column":5},"end":{"line":69,"column":6}},"loc":{"start":{"line":63,"column":5},"end":{"line":69,"column":6}},"line":63},"17":{"name":"get","decl":{"start":{"line":71,"column":1},"end":{"line":71,"column":3}},"loc":{"start":{"line":71,"column":1},"end":{"line":71,"column":3}},"line":71}},"f":{"0":0,"1":0,"2":0,"3":0,"4":0,"5":0,"6":0,"7":0,"8":25,"9":1,"10":1,"11":1,"12":2,"13":2,"14":2,"15":3,"16":1,"17":36}}
,"/Users/sabinanossova/Desktop/job-search/src/stores/user.ts": {"path":"/Users/sabinanossova/Desktop/job-search/src/stores/user.ts","all":false,"statementMap":{"0":{"start":{"line":1,"column":0},"end":{"line":1,"column":36}},"1":{"start":{"line":2,"column":0},"end":{"line":2,"column":26}},"2":{"start":{"line":3,"column":0},"end":{"line":3,"column":0}},"3":{"start":{"line":4,"column":0},"end":{"line":4,"column":71}},"4":{"start":{"line":5,"column":0},"end":{"line":5,"column":63}},"5":{"start":{"line":6,"column":0},"end":{"line":6,"column":59}},"6":{"start":{"line":7,"column":0},"end":{"line":7,"column":47}},"7":{"start":{"line":8,"column":0},"end":{"line":8,"column":37}},"8":{"start":{"line":9,"column":0},"end":{"line":9,"column":0}},"9":{"start":{"line":10,"column":0},"end":{"line":10,"column":55}},"10":{"start":{"line":11,"column":0},"end":{"line":11,"column":32}},"11":{"start":{"line":12,"column":0},"end":{"line":12,"column":50}},"12":{"start":{"line":13,"column":0},"end":{"line":13,"column":45}},"13":{"start":{"line":14,"column":0},"end":{"line":14,"column":44}},"14":{"start":{"line":15,"column":0},"end":{"line":15,"column":35}},"15":{"start":{"line":16,"column":0},"end":{"line":16,"column":0}},"16":{"start":{"line":17,"column":0},"end":{"line":17,"column":28}},"17":{"start":{"line":18,"column":0},"end":{"line":18,"column":28}},"18":{"start":{"line":19,"column":0},"end":{"line":19,"column":4}},"19":{"start":{"line":20,"column":0},"end":{"line":20,"column":0}},"20":{"start":{"line":21,"column":0},"end":{"line":21,"column":67}},"21":{"start":{"line":22,"column":0},"end":{"line":22,"column":48}},"22":{"start":{"line":23,"column":0},"end":{"line":23,"column":4}},"23":{"start":{"line":24,"column":0},"end":{"line":24,"column":0}},"24":{"start":{"line":25,"column":0},"end":{"line":25,"column":58}},"25":{"start":{"line":26,"column":0},"end":{"line":26,"column":38}},"26":{"start":{"line":27,"column":0},"end":{"line":27,"column":4}},"27":{"start":{"line":28,"column":0},"end":{"line":28,"column":0}},"28":{"start":{"line":29,"column":0},"end":{"line":29,"column":55}},"29":{"start":{"line":30,"column":0},"end":{"line":30,"column":36}},"30":{"start":{"line":31,"column":0},"end":{"line":31,"column":4}},"31":{"start":{"line":32,"column":0},"end":{"line":32,"column":0}},"32":{"start":{"line":33,"column":0},"end":{"line":33,"column":55}},"33":{"start":{"line":34,"column":0},"end":{"line":34,"column":34}},"34":{"start":{"line":35,"column":0},"end":{"line":35,"column":4}},"35":{"start":{"line":36,"column":0},"end":{"line":36,"column":0}},"36":{"start":{"line":37,"column":0},"end":{"line":37,"column":50}},"37":{"start":{"line":38,"column":0},"end":{"line":38,"column":31}},"38":{"start":{"line":39,"column":0},"end":{"line":39,"column":32}},"39":{"start":{"line":40,"column":0},"end":{"line":40,"column":37}},"40":{"start":{"line":41,"column":0},"end":{"line":41,"column":32}},"41":{"start":{"line":42,"column":0},"end":{"line":42,"column":4}},"42":{"start":{"line":43,"column":0},"end":{"line":43,"column":0}},"43":{"start":{"line":44,"column":0},"end":{"line":44,"column":10}},"44":{"start":{"line":45,"column":0},"end":{"line":45,"column":15}},"45":{"start":{"line":46,"column":0},"end":{"line":46,"column":20}},"46":{"start":{"line":47,"column":0},"end":{"line":47,"column":21}},"47":{"start":{"line":48,"column":0},"end":{"line":48,"column":26}},"48":{"start":{"line":49,"column":0},"end":{"line":49,"column":21}},"49":{"start":{"line":50,"column":0},"end":{"line":50,"column":15}},"50":{"start":{"line":51,"column":0},"end":{"line":51,"column":31}},"51":{"start":{"line":52,"column":0},"end":{"line":52,"column":27}},"52":{"start":{"line":53,"column":0},"end":{"line":53,"column":25}},"53":{"start":{"line":54,"column":0},"end":{"line":54,"column":30}},"54":{"start":{"line":55,"column":0},"end":{"line":55,"column":37}},"55":{"start":{"line":56,"column":0},"end":{"line":56,"column":4}},"56":{"start":{"line":57,"column":0},"end":{"line":57,"column":3}}},"s":{"0":1,"1":1,"2":1,"3":1,"4":1,"5":1,"6":1,"7":1,"8":1,"9":1,"10":31,"11":31,"12":31,"13":31,"14":31,"15":31,"16":31,"17":1,"18":1,"19":31,"20":31,"21":1,"22":1,"23":31,"24":31,"25":1,"26":1,"27":31,"28":31,"29":1,"30":1,"31":31,"32":31,"33":1,"34":1,"35":31,"36":31,"37":2,"38":2,"39":2,"40":2,"41":2,"42":31,"43":31,"44":31,"45":31,"46":31,"47":31,"48":31,"49":31,"50":31,"51":31,"52":31,"53":31,"54":31,"55":31,"56":31},"branchMap":{"0":{"type":"branch","line":8,"loc":{"start":{"line":8,"column":2},"end":{"line":8,"column":37}},"locations":[{"start":{"line":8,"column":2},"end":{"line":8,"column":37}}]},"1":{"type":"branch","line":10,"loc":{"start":{"line":10,"column":48},"end":{"line":57,"column":3}},"locations":[{"start":{"line":10,"column":48},"end":{"line":57,"column":3}}]},"2":{"type":"branch","line":17,"loc":{"start":{"line":17,"column":21},"end":{"line":19,"column":4}},"locations":[{"start":{"line":17,"column":21},"end":{"line":19,"column":4}}]},"3":{"type":"branch","line":21,"loc":{"start":{"line":21,"column":38},"end":{"line":23,"column":4}},"locations":[{"start":{"line":21,"column":38},"end":{"line":23,"column":4}}]},"4":{"type":"branch","line":25,"loc":{"start":{"line":25,"column":34},"end":{"line":27,"column":4}},"locations":[{"start":{"line":25,"column":34},"end":{"line":27,"column":4}}]},"5":{"type":"branch","line":29,"loc":{"start":{"line":29,"column":32},"end":{"line":31,"column":4}},"locations":[{"start":{"line":29,"column":32},"end":{"line":31,"column":4}}]},"6":{"type":"branch","line":33,"loc":{"start":{"line":33,"column":37},"end":{"line":35,"column":4}},"locations":[{"start":{"line":33,"column":37},"end":{"line":35,"column":4}}]},"7":{"type":"branch","line":37,"loc":{"start":{"line":37,"column":43},"end":{"line":42,"column":4}},"locations":[{"start":{"line":37,"column":43},"end":{"line":42,"column":4}}]},"8":{"type":"branch","line":57,"loc":{"start":{"line":57,"column":1},"end":{"line":57,"column":3}},"locations":[{"start":{"line":57,"column":1},"end":{"line":57,"column":3}}]}},"b":{"0":[1],"1":[31],"2":[1],"3":[1],"4":[1],"5":[1],"6":[1],"7":[2],"8":[49]},"fnMap":{"0":{"name":"get","decl":{"start":{"line":4,"column":42},"end":{"line":4,"column":71}},"loc":{"start":{"line":4,"column":42},"end":{"line":4,"column":71}},"line":4},"1":{"name":"get","decl":{"start":{"line":5,"column":38},"end":{"line":5,"column":63}},"loc":{"start":{"line":5,"column":38},"end":{"line":5,"column":63}},"line":5},"2":{"name":"get","decl":{"start":{"line":6,"column":36},"end":{"line":6,"column":59}},"loc":{"start":{"line":6,"column":36},"end":{"line":6,"column":59}},"line":6},"3":{"name":"get","decl":{"start":{"line":8,"column":2},"end":{"line":8,"column":37}},"loc":{"start":{"line":8,"column":2},"end":{"line":8,"column":37}},"line":8},"4":{"name":"LOGIN_USER","decl":{"start":{"line":17,"column":21},"end":{"line":19,"column":4}},"loc":{"start":{"line":17,"column":21},"end":{"line":19,"column":4}},"line":17},"5":{"name":"ADD_SELECTED_ORGANIZATIONS2","decl":{"start":{"line":21,"column":38},"end":{"line":23,"column":4}},"loc":{"start":{"line":21,"column":38},"end":{"line":23,"column":4}},"line":21},"6":{"name":"ADD_SELECTED_JOB_TYPES2","decl":{"start":{"line":25,"column":34},"end":{"line":27,"column":4}},"loc":{"start":{"line":25,"column":34},"end":{"line":27,"column":4}},"line":25},"7":{"name":"ADD_SELECTED_DEGREES2","decl":{"start":{"line":29,"column":32},"end":{"line":31,"column":4}},"loc":{"start":{"line":29,"column":32},"end":{"line":31,"column":4}},"line":29},"8":{"name":"UPDATE_SKILLS_SEARCH_TERM","decl":{"start":{"line":33,"column":37},"end":{"line":35,"column":4}},"loc":{"start":{"line":33,"column":37},"end":{"line":35,"column":4}},"line":33},"9":{"name":"CLEAR_USER_JOB_FILTER_SELECTIONS2","decl":{"start":{"line":37,"column":43},"end":{"line":42,"column":4}},"loc":{"start":{"line":37,"column":43},"end":{"line":42,"column":4}},"line":37},"10":{"name":"get","decl":{"start":{"line":57,"column":1},"end":{"line":57,"column":3}},"loc":{"start":{"line":57,"column":1},"end":{"line":57,"column":3}},"line":57}},"f":{"0":0,"1":0,"2":0,"3":1,"4":1,"5":1,"6":1,"7":1,"8":1,"9":2,"10":49}}
,"/Users/sabinanossova/Desktop/job-search/src/utils/nextElementInList.ts": {"path":"/Users/sabinanossova/Desktop/job-search/src/utils/nextElementInList.ts","all":false,"statementMap":{"0":{"start":{"line":1,"column":0},"end":{"line":1,"column":55}},"1":{"start":{"line":2,"column":0},"end":{"line":2,"column":48}},"2":{"start":{"line":3,"column":0},"end":{"line":3,"column":63}},"3":{"start":{"line":4,"column":0},"end":{"line":4,"column":41}},"4":{"start":{"line":5,"column":0},"end":{"line":5,"column":19}},"5":{"start":{"line":6,"column":0},"end":{"line":6,"column":2}},"6":{"start":{"line":7,"column":0},"end":{"line":7,"column":0}},"7":{"start":{"line":8,"column":0},"end":{"line":8,"column":33}}},"s":{"0":1,"1":3,"2":3,"3":3,"4":3,"5":3,"6":1,"7":1},"branchMap":{"0":{"type":"branch","line":1,"loc":{"start":{"line":1,"column":54},"end":{"line":6,"column":2}},"locations":[{"start":{"line":1,"column":54},"end":{"line":6,"column":2}}]}},"b":{"0":[3]},"fnMap":{"0":{"name":"nextElementInList","decl":{"start":{"line":1,"column":54},"end":{"line":6,"column":2}},"loc":{"start":{"line":1,"column":54},"end":{"line":6,"column":2}},"line":1}},"f":{"0":3}}
}
